#
# A fatal error has been detected by the Java Runtime Environment:
#
#  SIGSEGV (0xb) at pc=0x00007fc404a37250, pid=14937, tid=14957
#
# JRE version: OpenJDK Runtime Environment Temurin-17.0.7+7 (17.0.7+7) (build 17.0.7+7)
# Java VM: OpenJDK 64-Bit Server VM Temurin-17.0.7+7 (17.0.7+7, mixed mode, tiered, compressed oops, compressed class ptrs, g1 gc, linux-amd64)
# Problematic frame:
# C  [ld-linux-x86-64.so.2+0x18250]  __tls_get_addr+0x20
#
# Core dump will be written. Default location: Core dumps may be processed with "/usr/share/apport/apport -p%p -s%s -c%c -d%d -P%P -u%u -g%g -- %E" (or dumping to /home/mnafees/project/movie ticket app/ticketServices/core.14937)
#
# If you would like to submit a bug report, please visit:
#   https://github.com/adoptium/adoptium-support/issues
#

---------------  S U M M A R Y ------------

Command Line: -Dfile.encoding=UTF-8 -XX:+ShowCodeDetailsInExceptionMessages com.movies.ticketServices.TicketServicesApplication

Host: 11th Gen Intel(R) Core(TM) i7-1165G7 @ 2.80GHz, 8 cores, 31G, Ubuntu 22.04.3 LTS
Time: Sun Aug  6 14:48:15 2023 IST elapsed time: 2802.837159 seconds (0d 0h 46m 42s)

---------------  T H R E A D  ---------------

Current thread (0x00007fc3fc1de010):  JavaThread "C2 CompilerThread0" daemon [_thread_in_native, id=14957, stack(0x00007fc3d8411000,0x00007fc3d8511000)]


Current CompileTask:
C2:2802837 7492       4       java.util.concurrent.CopyOnWriteArrayList::iterator (13 bytes)

Stack: [0x00007fc3d8411000,0x00007fc3d8511000],  sp=0x00007fc3d850c608,  free space=1005k
Native frames: (J=compiled Java code, j=interpreted, Vv=VM code, C=native code)
C  [ld-linux-x86-64.so.2+0x18250]  __tls_get_addr+0x20
V  [libjvm.so+0xb69613]  Matcher::ReduceInst(State*, int, Node*&)+0x53
V  [libjvm.so+0xb69c59]  Matcher::match_tree(Node const*)+0x1c9
V  [libjvm.so+0xb6dd97]  Matcher::xform(Node*, int)+0x8d7
V  [libjvm.so+0xb71133]  Matcher::match()+0x873
V  [libjvm.so+0x5cf802]  Compile::Code_Gen()+0xc2
V  [libjvm.so+0x5d570b]  Compile::Compile(ciEnv*, ciMethod*, int, bool, bool, bool, bool, bool, DirectiveSet*)+0x148b
V  [libjvm.so+0x514d19]  C2Compiler::compile_method(ciEnv*, ciMethod*, int, bool, DirectiveSet*)+0xe9
V  [libjvm.so+0x5de072]  CompileBroker::invoke_compiler_on_method(CompileTask*)+0xef2
V  [libjvm.so+0x5ded18]  CompileBroker::compiler_thread_loop()+0x508
V  [libjvm.so+0xe62564]  JavaThread::thread_main_inner()+0x184
V  [libjvm.so+0xe65c10]  Thread::call_run()+0xc0
V  [libjvm.so+0xc1aa21]  thread_native_entry(Thread*)+0xe1


siginfo: si_signo: 11 (SIGSEGV), si_code: 128 (SI_KERNEL), si_addr: 0x0000000000000000

Register to memory mapping:

RAX=0x0007fc404172a860 is an unknown value
RBX=0x00007fc3a40af0b0 points into unknown readable memory: 0x00007fc4044a2800 | 00 28 4a 04 c4 7f 00 00
RCX=0x00007fc3d850c6d0 is pointing into the stack for thread: 0x00007fc3fc1de010
RDX=0x00007fc3fc1df2c0 points into unknown readable memory: 0x0000000000000003 | 03 00 00 00 00 00 00 00
RSP=0x00007fc3d850c608 is pointing into the stack for thread: 0x00007fc3fc1de010
RBP=0x00007fc3d850c640 is pointing into the stack for thread: 0x00007fc3fc1de010
RSI=0x00000000000001b9 is an unknown value
RDI=0x00007fc4044b8098: <offset 0x00000000012b8098> in /home/mnafees/.p2/pool/plugins/org.eclipse.justj.openjdk.hotspot.jre.full.linux.x86_64_17.0.7.v20230425-1502/jre/lib/server/libjvm.so at 0x00007fc403200000
R8 =0x0 is NULL
R9 =0x0 is NULL
R10=0x0 is NULL
R11=0x0000000000000010 is an unknown value
R12=0x00000000000001b9 is an unknown value
R13=0x00007fc3a4198270 points into unknown readable memory: 0x800000000000019f | 9f 01 00 00 00 00 00 80
R14=0x00007fc3a4198270 points into unknown readable memory: 0x800000000000019f | 9f 01 00 00 00 00 00 80
R15=0x00007fc3a4198270 points into unknown readable memory: 0x800000000000019f | 9f 01 00 00 00 00 00 80


Registers:
RAX=0x0007fc404172a860, RBX=0x00007fc3a40af0b0, RCX=0x00007fc3d850c6d0, RDX=0x00007fc3fc1df2c0
RSP=0x00007fc3d850c608, RBP=0x00007fc3d850c640, RSI=0x00000000000001b9, RDI=0x00007fc4044b8098
R8 =0x0000000000000000, R9 =0x0000000000000000, R10=0x0000000000000000, R11=0x0000000000000010
R12=0x00000000000001b9, R13=0x00007fc3a4198270, R14=0x00007fc3a4198270, R15=0x00007fc3a4198270
RIP=0x00007fc404a37250, EFLAGS=0x0000000000010206, CSGSFS=0x002b000000000033, ERR=0x0000000000000000
  TRAPNO=0x000000000000000d

Top of Stack: (sp=0x00007fc3d850c608)
0x00007fc3d850c608:   00007fc403596584 00007fc3d850c690
0x00007fc3d850c618:   00007fc403d68e6d 00007fc3a40af0b0
0x00007fc3d850c628:   00007fc3a40af0b0 00007fc3d850d490
0x00007fc3d850c638:   00000000000001b9 00007fc3d850c690 

Instructions: (pc=0x00007fc404a37250)
0x00007fc404a37150:   5b 5d 41 5c c3 66 2e 0f 1f 84 00 00 00 00 00 90
0x00007fc404a37160:   f3 0f 1e fa 48 8b 40 08 c3 0f 1f 80 00 00 00 00
0x00007fc404a37170:   f3 0f 1e fa 48 8b 40 08 64 48 2b 04 25 00 00 00
0x00007fc404a37180:   00 c3 66 66 2e 0f 1f 84 00 00 00 00 00 0f 1f 00
0x00007fc404a37190:   f3 0f 1e fa 48 89 74 24 f0 64 48 8b 34 25 08 00
0x00007fc404a371a0:   00 00 48 89 7c 24 f8 48 8b 78 08 48 8b 06 48 39
0x00007fc404a371b0:   47 10 77 29 48 8b 07 48 c1 e0 04 48 8b 04 30 48
0x00007fc404a371c0:   83 f8 ff 74 18 48 03 47 08 48 8b 74 24 f0 64 48
0x00007fc404a371d0:   2b 04 25 00 00 00 00 48 8b 7c 24 f8 c3 48 83 ec
0x00007fc404a371e0:   48 48 89 54 24 08 48 89 4c 24 10 4c 89 44 24 18
0x00007fc404a371f0:   4c 89 4c 24 20 4c 89 54 24 28 4c 89 5c 24 30 e8
0x00007fc404a37200:   3c cb ff ff 48 8b 54 24 08 48 8b 4c 24 10 4c 8b
0x00007fc404a37210:   44 24 18 4c 8b 4c 24 20 4c 8b 54 24 28 4c 8b 5c
0x00007fc404a37220:   24 30 48 83 c4 48 eb a1 0f 1f 84 00 00 00 00 00
0x00007fc404a37230:   f3 0f 1e fa 64 48 8b 14 25 08 00 00 00 48 8b 05
0x00007fc404a37240:   74 2e 02 00 48 39 02 75 16 48 8b 07 48 c1 e0 04
0x00007fc404a37250:   48 8b 04 02 48 83 f8 ff 74 05 48 03 47 08 c3 55
0x00007fc404a37260:   48 89 e5 48 83 e4 f0 e8 e4 cd ff ff 48 89 ec 5d
0x00007fc404a37270:   c3 66 2e 0f 1f 84 00 00 00 00 00 0f 1f 44 00 00
0x00007fc404a37280:   53 b8 04 00 00 00 31 c9 0f a2 89 c2 83 e2 1f 0f
0x00007fc404a37290:   84 eb 00 00 00 41 89 f8 8d bf 44 ff ff ff 41 8d
0x00007fc404a372a0:   b0 49 ff ff ff 83 fe 04 be 00 00 00 00 0f 86 1d
0x00007fc404a372b0:   01 00 00 83 ff 02 0f 86 9f 00 00 00 45 8d 88 41
0x00007fc404a372c0:   ff ff ff 45 8d 90 3e ff ff ff bf 04 00 00 00 eb
0x00007fc404a372d0:   1b 0f 1f 80 00 00 00 00 83 c6 01 89 f8 89 f1 0f
0x00007fc404a372e0:   a2 89 c2 83 e2 1f 0f 84 94 00 00 00 c1 e8 05 83
0x00007fc404a372f0:   e0 07 83 f8 01 41 0f 94 c3 83 fa 01 75 05 45 84
0x00007fc404a37300:   db 75 d5 83 fa 02 75 05 45 84 db 75 cb 41 83 f9
0x00007fc404a37310:   02 0f 87 9c 00 00 00 83 f8 02 0f 85 93 00 00 00
0x00007fc404a37320:   41 8d b0 47 ff ff ff b8 ab aa aa aa 49 89 f0 48
0x00007fc404a37330:   0f af f0 48 c1 ee 21 8d 04 76 44 89 c6 29 c6 89
0x00007fc404a37340:   d8 74 45 c1 eb 16 25 ff 0f 00 00 8d 53 01 48 83 


Stack slot to memory mapping:
stack at sp + 0 slots: 0x00007fc403596584: <offset 0x0000000000396584> in /home/mnafees/.p2/pool/plugins/org.eclipse.justj.openjdk.hotspot.jre.full.linux.x86_64_17.0.7.v20230425-1502/jre/lib/server/libjvm.so at 0x00007fc403200000
stack at sp + 1 slots: 0x00007fc3d850c690 is pointing into the stack for thread: 0x00007fc3fc1de010
stack at sp + 2 slots: 0x00007fc403d68e6d: <offset 0x0000000000b68e6d> in /home/mnafees/.p2/pool/plugins/org.eclipse.justj.openjdk.hotspot.jre.full.linux.x86_64_17.0.7.v20230425-1502/jre/lib/server/libjvm.so at 0x00007fc403200000
stack at sp + 3 slots: 0x00007fc3a40af0b0 points into unknown readable memory: 0x00007fc4044a2800 | 00 28 4a 04 c4 7f 00 00
stack at sp + 4 slots: 0x00007fc3a40af0b0 points into unknown readable memory: 0x00007fc4044a2800 | 00 28 4a 04 c4 7f 00 00
stack at sp + 5 slots: 0x00007fc3d850d490 is pointing into the stack for thread: 0x00007fc3fc1de010
stack at sp + 6 slots: 0x00000000000001b9 is an unknown value
stack at sp + 7 slots: 0x00007fc3d850c690 is pointing into the stack for thread: 0x00007fc3fc1de010


---------------  P R O C E S S  ---------------

Threads class SMR info:
_java_thread_list=0x00007fc38c30e8a0, length=29, elements={
0x00007fc3fc1b3740, 0x00007fc3fc1b4d90, 0x00007fc3fc1da1d0, 0x00007fc3fc1db580,
0x00007fc3fc1dc990, 0x00007fc3fc1de010, 0x00007fc3fc1df4f0, 0x00007fc3fc1e0980,
0x00007fc3fc282cd0, 0x00007fc3fc28ba10, 0x00007fc378c76130, 0x00007fc378cb7bd0,
0x00007fc35000af20, 0x00007fc378cb9250, 0x00007fc379799390, 0x00007fc37979d140,
0x00007fc3797de5a0, 0x00007fc3797df520, 0x00007fc3797e0360, 0x00007fc3797e1430,
0x00007fc3797e2500, 0x00007fc3797e3500, 0x00007fc3797f4670, 0x00007fc3797f5670,
0x00007fc3797f6660, 0x00007fc3797f7550, 0x00007fc3798005c0, 0x00007fc3797fa6b0,
0x00007fc3fc027a80
}

Java Threads: ( => current thread )
  0x00007fc3fc1b3740 JavaThread "Reference Handler" daemon [_thread_blocked, id=14952, stack(0x00007fc3d8911000,0x00007fc3d8a11000)]
  0x00007fc3fc1b4d90 JavaThread "Finalizer" daemon [_thread_blocked, id=14953, stack(0x00007fc3d8811000,0x00007fc3d8911000)]
  0x00007fc3fc1da1d0 JavaThread "Signal Dispatcher" daemon [_thread_blocked, id=14954, stack(0x00007fc3d8711000,0x00007fc3d8811000)]
  0x00007fc3fc1db580 JavaThread "Service Thread" daemon [_thread_blocked, id=14955, stack(0x00007fc3d8611000,0x00007fc3d8711000)]
  0x00007fc3fc1dc990 JavaThread "Monitor Deflation Thread" daemon [_thread_blocked, id=14956, stack(0x00007fc3d8511000,0x00007fc3d8611000)]
=>0x00007fc3fc1de010 JavaThread "C2 CompilerThread0" daemon [_thread_in_native, id=14957, stack(0x00007fc3d8411000,0x00007fc3d8511000)]
  0x00007fc3fc1df4f0 JavaThread "C1 CompilerThread0" daemon [_thread_blocked, id=14958, stack(0x00007fc3d8311000,0x00007fc3d8411000)]
  0x00007fc3fc1e0980 JavaThread "Sweeper thread" daemon [_thread_blocked, id=14959, stack(0x00007fc3d8211000,0x00007fc3d8311000)]
  0x00007fc3fc282cd0 JavaThread "Notification Thread" daemon [_thread_blocked, id=14960, stack(0x00007fc3d8111000,0x00007fc3d8211000)]
  0x00007fc3fc28ba10 JavaThread "Common-Cleaner" daemon [_thread_blocked, id=14962, stack(0x00007fc3c9f00000,0x00007fc3ca000000)]
  0x00007fc378c76130 JavaThread "HikariPool-1 housekeeper" daemon [_thread_blocked, id=14978, stack(0x00007fc3c87a7000,0x00007fc3c88a7000)]
  0x00007fc378cb7bd0 JavaThread "Catalina-utility-1" [_thread_blocked, id=14979, stack(0x00007fc3c85a5000,0x00007fc3c86a5000)]
  0x00007fc35000af20 JavaThread "Catalina-utility-2" [_thread_blocked, id=14980, stack(0x00007fc3c84a5000,0x00007fc3c85a5000)]
  0x00007fc378cb9250 JavaThread "container-0" [_thread_blocked, id=14981, stack(0x00007fc3c83a5000,0x00007fc3c84a5000)]
  0x00007fc379799390 JavaThread "File Watcher" daemon [_thread_blocked, id=14992, stack(0x00007fc3c81a5000,0x00007fc3c82a5000)]
  0x00007fc37979d140 JavaThread "Live Reload Server" daemon [_thread_in_native, id=14994, stack(0x00007fc33ff00000,0x00007fc340000000)]
  0x00007fc3797de5a0 JavaThread "http-nio-8081-exec-1" daemon [_thread_blocked, id=14995, stack(0x00007fc3c80a5000,0x00007fc3c81a5000)]
  0x00007fc3797df520 JavaThread "http-nio-8081-exec-2" daemon [_thread_blocked, id=14996, stack(0x00007fc33fe00000,0x00007fc33ff00000)]
  0x00007fc3797e0360 JavaThread "http-nio-8081-exec-3" daemon [_thread_blocked, id=14997, stack(0x00007fc33fd00000,0x00007fc33fe00000)]
  0x00007fc3797e1430 JavaThread "http-nio-8081-exec-4" daemon [_thread_blocked, id=14998, stack(0x00007fc33fc00000,0x00007fc33fd00000)]
  0x00007fc3797e2500 JavaThread "http-nio-8081-exec-5" daemon [_thread_blocked, id=14999, stack(0x00007fc33fb00000,0x00007fc33fc00000)]
  0x00007fc3797e3500 JavaThread "http-nio-8081-exec-6" daemon [_thread_blocked, id=15000, stack(0x00007fc33fa00000,0x00007fc33fb00000)]
  0x00007fc3797f4670 JavaThread "http-nio-8081-exec-7" daemon [_thread_blocked, id=15001, stack(0x00007fc33f900000,0x00007fc33fa00000)]
  0x00007fc3797f5670 JavaThread "http-nio-8081-exec-8" daemon [_thread_blocked, id=15002, stack(0x00007fc33f800000,0x00007fc33f900000)]
  0x00007fc3797f6660 JavaThread "http-nio-8081-exec-9" daemon [_thread_blocked, id=15003, stack(0x00007fc33f700000,0x00007fc33f800000)]
  0x00007fc3797f7550 JavaThread "http-nio-8081-exec-10" daemon [_thread_blocked, id=15004, stack(0x00007fc33f600000,0x00007fc33f700000)]
  0x00007fc3798005c0 JavaThread "http-nio-8081-Poller" daemon [_thread_in_native, id=15005, stack(0x00007fc33f500000,0x00007fc33f600000)]
  0x00007fc3797fa6b0 JavaThread "http-nio-8081-Acceptor" daemon [_thread_in_native, id=15006, stack(0x00007fc33f400000,0x00007fc33f500000)]
  0x00007fc3fc027a80 JavaThread "DestroyJavaVM" [_thread_blocked, id=14945, stack(0x00007fc403100000,0x00007fc403200000)]

Other Threads:
  0x00007fc3fc163a00 VMThread "VM Thread" [stack: 0x00007fc3d8a13000,0x00007fc3d8b13000] [id=14951]
  0x00007fc3fc20e1d0 WatcherThread [stack: 0x00007fc3d8011000,0x00007fc3d8111000] [id=14961]
  0x00007fc3fc055e40 GCTaskThread "GC Thread#0" [stack: 0x00007fc4006d7000,0x00007fc4007d7000] [id=14946]
  0x00007fc3b8005f10 GCTaskThread "GC Thread#1" [stack: 0x00007fc3c9100000,0x00007fc3c9200000] [id=14967]
  0x00007fc3b8006940 GCTaskThread "GC Thread#2" [stack: 0x00007fc3c8db3000,0x00007fc3c8eb3000] [id=14968]
  0x00007fc3b8007370 GCTaskThread "GC Thread#3" [stack: 0x00007fc3c8cb1000,0x00007fc3c8db1000] [id=14969]
  0x00007fc3b8007da0 GCTaskThread "GC Thread#4" [stack: 0x00007fc3c8baf000,0x00007fc3c8caf000] [id=14970]
  0x00007fc3b80087d0 GCTaskThread "GC Thread#5" [stack: 0x00007fc3c8aad000,0x00007fc3c8bad000] [id=14971]
  0x00007fc3b8009200 GCTaskThread "GC Thread#6" [stack: 0x00007fc3c89ab000,0x00007fc3c8aab000] [id=14972]
  0x00007fc3b8009c70 GCTaskThread "GC Thread#7" [stack: 0x00007fc3c88a9000,0x00007fc3c89a9000] [id=14973]
  0x00007fc3fc066c90 ConcurrentGCThread "G1 Main Marker" [stack: 0x00007fc4005d5000,0x00007fc4006d5000] [id=14947]
  0x00007fc3fc067bf0 ConcurrentGCThread "G1 Conc#0" [stack: 0x00007fc4004d3000,0x00007fc4005d3000] [id=14948]
  0x00007fc3cc000eb0 ConcurrentGCThread "G1 Conc#1" [stack: 0x00007fc3c86a7000,0x00007fc3c87a7000] [id=14975]
  0x00007fc3fc11c820 ConcurrentGCThread "G1 Refine#0" [stack: 0x00007fc3d8c17000,0x00007fc3d8d17000] [id=14949]
  0x00007fc3c4013560 ConcurrentGCThread "G1 Refine#1" [stack: 0x00007fc33f300000,0x00007fc33f400000] [id=15121]
  0x00007fc3fc11d710 ConcurrentGCThread "G1 Service" [stack: 0x00007fc3d8b15000,0x00007fc3d8c15000] [id=14950]

Threads with active compile tasks:
C2 CompilerThread0  2802850 7492       4       java.util.concurrent.CopyOnWriteArrayList::iterator (13 bytes)

VM state: not at safepoint (normal execution)

VM Mutex/Monitor currently owned by a thread: None

Heap address: 0x000000060f400000, size: 7948 MB, Compressed Oops mode: Zero based, Oop shift amount: 3

CDS archive(s) not mapped
Compressed class space mapped at: 0x0000000800000000-0x0000000840000000, reserved size: 1073741824
Narrow klass base: 0x0000000800000000, Narrow klass shift: 0, Narrow klass range: 0x40000000

GC Precious Log:
 CPUs: 8 total, 8 available
 Memory: 31787M
 Large Page Support: Disabled
 NUMA Support: Disabled
 Compressed Oops: Enabled (Zero based)
 Heap Region Size: 4M
 Heap Min Capacity: 8M
 Heap Initial Capacity: 500M
 Heap Max Capacity: 7948M
 Pre-touch: Disabled
 Parallel Workers: 8
 Concurrent Workers: 2
 Concurrent Refinement Workers: 8
 Periodic GC: Disabled

Heap:
 garbage-first heap   total 286720K, used 95631K [0x000000060f400000, 0x0000000800000000)
  region size 4096K, 20 young (81920K), 3 survivors (12288K)
 Metaspace       used 79617K, committed 80192K, reserved 1179648K
  class space    used 10344K, committed 10624K, reserved 1048576K

Heap Regions: E=young(eden), S=young(survivor), O=old, HS=humongous(starts), HC=humongous(continues), CS=collection set, F=free, OA=open archive, CA=closed archive, TAMS=top-at-mark-start (previous, next)
|   0|0x000000060f400000, 0x000000060f800000, 0x000000060f800000|100%| O|  |TAMS 0x000000060f800000, 0x000000060f400000| Untracked 
|   1|0x000000060f800000, 0x000000060fc00000, 0x000000060fc00000|100%| O|  |TAMS 0x000000060fc00000, 0x000000060f800000| Untracked 
|   2|0x000000060fc00000, 0x0000000610000000, 0x0000000610000000|100%| O|  |TAMS 0x0000000610000000, 0x000000060fc00000| Untracked 
|   3|0x0000000610000000, 0x0000000610400000, 0x0000000610400000|100%| O|  |TAMS 0x0000000610400000, 0x0000000610000000| Untracked 
|   4|0x0000000610400000, 0x0000000610800000, 0x0000000610800000|100%| O|  |TAMS 0x00000006107dc000, 0x0000000610400000| Untracked 
|   5|0x0000000610800000, 0x00000006108ebe00, 0x0000000610c00000| 23%| O|  |TAMS 0x0000000610800000, 0x0000000610800000| Untracked 
|   6|0x0000000610c00000, 0x0000000610c00000, 0x0000000611000000|  0%| F|  |TAMS 0x0000000610c00000, 0x0000000610c00000| Untracked 
|   7|0x0000000611000000, 0x0000000611000000, 0x0000000611400000|  0%| F|  |TAMS 0x0000000611000000, 0x0000000611000000| Untracked 
|   8|0x0000000611400000, 0x0000000611400000, 0x0000000611800000|  0%| F|  |TAMS 0x0000000611400000, 0x0000000611400000| Untracked 
|   9|0x0000000611800000, 0x0000000611800000, 0x0000000611c00000|  0%| F|  |TAMS 0x0000000611800000, 0x0000000611800000| Untracked 
|  10|0x0000000611c00000, 0x0000000611c00000, 0x0000000612000000|  0%| F|  |TAMS 0x0000000611c00000, 0x0000000611c00000| Untracked 
|  11|0x0000000612000000, 0x0000000612000000, 0x0000000612400000|  0%| F|  |TAMS 0x0000000612000000, 0x0000000612000000| Untracked 
|  12|0x0000000612400000, 0x0000000612400000, 0x0000000612800000|  0%| F|  |TAMS 0x0000000612400000, 0x0000000612400000| Untracked 
|  13|0x0000000612800000, 0x0000000612800000, 0x0000000612c00000|  0%| F|  |TAMS 0x0000000612800000, 0x0000000612800000| Untracked 
|  14|0x0000000612c00000, 0x0000000612c00000, 0x0000000613000000|  0%| F|  |TAMS 0x0000000612c00000, 0x0000000612c00000| Untracked 
|  15|0x0000000613000000, 0x0000000613000000, 0x0000000613400000|  0%| F|  |TAMS 0x0000000613000000, 0x0000000613000000| Untracked 
|  16|0x0000000613400000, 0x0000000613400000, 0x0000000613800000|  0%| F|  |TAMS 0x0000000613400000, 0x0000000613400000| Untracked 
|  17|0x0000000613800000, 0x0000000613800000, 0x0000000613c00000|  0%| F|  |TAMS 0x0000000613800000, 0x0000000613800000| Untracked 
|  18|0x0000000613c00000, 0x0000000613c00000, 0x0000000614000000|  0%| F|  |TAMS 0x0000000613c00000, 0x0000000613c00000| Untracked 
|  19|0x0000000614000000, 0x0000000614000000, 0x0000000614400000|  0%| F|  |TAMS 0x0000000614000000, 0x0000000614000000| Untracked 
|  20|0x0000000614400000, 0x0000000614400000, 0x0000000614800000|  0%| F|  |TAMS 0x0000000614400000, 0x0000000614400000| Untracked 
|  21|0x0000000614800000, 0x0000000614800000, 0x0000000614c00000|  0%| F|  |TAMS 0x0000000614800000, 0x0000000614800000| Untracked 
|  22|0x0000000614c00000, 0x0000000614c00000, 0x0000000615000000|  0%| F|  |TAMS 0x0000000614c00000, 0x0000000614c00000| Untracked 
|  23|0x0000000615000000, 0x0000000615000000, 0x0000000615400000|  0%| F|  |TAMS 0x0000000615000000, 0x0000000615000000| Untracked 
|  24|0x0000000615400000, 0x0000000615400000, 0x0000000615800000|  0%| F|  |TAMS 0x0000000615400000, 0x0000000615400000| Untracked 
|  25|0x0000000615800000, 0x0000000615800000, 0x0000000615c00000|  0%| F|  |TAMS 0x0000000615800000, 0x0000000615800000| Untracked 
|  26|0x0000000615c00000, 0x0000000615c77f58, 0x0000000616000000| 11%| S|CS|TAMS 0x0000000615c00000, 0x0000000615c00000| Complete 
|  27|0x0000000616000000, 0x0000000616400000, 0x0000000616400000|100%| S|CS|TAMS 0x0000000616000000, 0x0000000616000000| Complete 
|  28|0x0000000616400000, 0x0000000616800000, 0x0000000616800000|100%| S|CS|TAMS 0x0000000616400000, 0x0000000616400000| Complete 
|  29|0x0000000616800000, 0x0000000616800000, 0x0000000616c00000|  0%| F|  |TAMS 0x0000000616800000, 0x0000000616800000| Untracked 
|  30|0x0000000616c00000, 0x0000000616c00000, 0x0000000617000000|  0%| F|  |TAMS 0x0000000616c00000, 0x0000000616c00000| Untracked 
|  31|0x0000000617000000, 0x0000000617000000, 0x0000000617400000|  0%| F|  |TAMS 0x0000000617000000, 0x0000000617000000| Untracked 
|  32|0x0000000617400000, 0x0000000617400000, 0x0000000617800000|  0%| F|  |TAMS 0x0000000617400000, 0x0000000617400000| Untracked 
|  33|0x0000000617800000, 0x0000000617800000, 0x0000000617c00000|  0%| F|  |TAMS 0x0000000617800000, 0x0000000617800000| Untracked 
|  34|0x0000000617c00000, 0x0000000617c00000, 0x0000000618000000|  0%| F|  |TAMS 0x0000000617c00000, 0x0000000617c00000| Untracked 
|  35|0x0000000618000000, 0x0000000618000000, 0x0000000618400000|  0%| F|  |TAMS 0x0000000618000000, 0x0000000618000000| Untracked 
|  36|0x0000000618400000, 0x0000000618400000, 0x0000000618800000|  0%| F|  |TAMS 0x0000000618400000, 0x0000000618400000| Untracked 
|  37|0x0000000618800000, 0x0000000618800000, 0x0000000618c00000|  0%| F|  |TAMS 0x0000000618800000, 0x0000000618800000| Untracked 
|  38|0x0000000618c00000, 0x0000000618c00000, 0x0000000619000000|  0%| F|  |TAMS 0x0000000618c00000, 0x0000000618c00000| Untracked 
|  39|0x0000000619000000, 0x0000000619000000, 0x0000000619400000|  0%| F|  |TAMS 0x0000000619000000, 0x0000000619000000| Untracked 
|  40|0x0000000619400000, 0x0000000619400000, 0x0000000619800000|  0%| F|  |TAMS 0x0000000619400000, 0x0000000619400000| Untracked 
|  41|0x0000000619800000, 0x0000000619800000, 0x0000000619c00000|  0%| F|  |TAMS 0x0000000619800000, 0x0000000619800000| Untracked 
|  42|0x0000000619c00000, 0x0000000619c00000, 0x000000061a000000|  0%| F|  |TAMS 0x0000000619c00000, 0x0000000619c00000| Untracked 
|  43|0x000000061a000000, 0x000000061a000000, 0x000000061a400000|  0%| F|  |TAMS 0x000000061a000000, 0x000000061a000000| Untracked 
|  44|0x000000061a400000, 0x000000061a400000, 0x000000061a800000|  0%| F|  |TAMS 0x000000061a400000, 0x000000061a400000| Untracked 
|  45|0x000000061a800000, 0x000000061a800000, 0x000000061ac00000|  0%| F|  |TAMS 0x000000061a800000, 0x000000061a800000| Untracked 
|  46|0x000000061ac00000, 0x000000061ac00000, 0x000000061b000000|  0%| F|  |TAMS 0x000000061ac00000, 0x000000061ac00000| Untracked 
|  47|0x000000061b000000, 0x000000061b000000, 0x000000061b400000|  0%| F|  |TAMS 0x000000061b000000, 0x000000061b000000| Untracked 
|  48|0x000000061b400000, 0x000000061b400000, 0x000000061b800000|  0%| F|  |TAMS 0x000000061b400000, 0x000000061b400000| Untracked 
|  49|0x000000061b800000, 0x000000061b800000, 0x000000061bc00000|  0%| F|  |TAMS 0x000000061b800000, 0x000000061b800000| Untracked 
|  50|0x000000061bc00000, 0x000000061bc00000, 0x000000061c000000|  0%| F|  |TAMS 0x000000061bc00000, 0x000000061bc00000| Untracked 
|  51|0x000000061c000000, 0x000000061c000000, 0x000000061c400000|  0%| F|  |TAMS 0x000000061c000000, 0x000000061c000000| Untracked 
|  52|0x000000061c400000, 0x000000061c400000, 0x000000061c800000|  0%| F|  |TAMS 0x000000061c400000, 0x000000061c400000| Untracked 
|  53|0x000000061c800000, 0x000000061cc00000, 0x000000061cc00000|100%| E|  |TAMS 0x000000061c800000, 0x000000061c800000| Complete 
|  54|0x000000061cc00000, 0x000000061d000000, 0x000000061d000000|100%| E|CS|TAMS 0x000000061cc00000, 0x000000061cc00000| Complete 
|  55|0x000000061d000000, 0x000000061d400000, 0x000000061d400000|100%| E|CS|TAMS 0x000000061d000000, 0x000000061d000000| Complete 
|  56|0x000000061d400000, 0x000000061d800000, 0x000000061d800000|100%| E|CS|TAMS 0x000000061d400000, 0x000000061d400000| Complete 
|  57|0x000000061d800000, 0x000000061dc00000, 0x000000061dc00000|100%| E|CS|TAMS 0x000000061d800000, 0x000000061d800000| Complete 
|  58|0x000000061dc00000, 0x000000061e000000, 0x000000061e000000|100%| E|CS|TAMS 0x000000061dc00000, 0x000000061dc00000| Complete 
|  59|0x000000061e000000, 0x000000061e400000, 0x000000061e400000|100%| E|CS|TAMS 0x000000061e000000, 0x000000061e000000| Complete 
|  60|0x000000061e400000, 0x000000061e800000, 0x000000061e800000|100%| E|CS|TAMS 0x000000061e400000, 0x000000061e400000| Complete 
|  61|0x000000061e800000, 0x000000061ec00000, 0x000000061ec00000|100%| E|CS|TAMS 0x000000061e800000, 0x000000061e800000| Complete 
|  62|0x000000061ec00000, 0x000000061f000000, 0x000000061f000000|100%| E|CS|TAMS 0x000000061ec00000, 0x000000061ec00000| Complete 
|  63|0x000000061f000000, 0x000000061f400000, 0x000000061f400000|100%| E|CS|TAMS 0x000000061f000000, 0x000000061f000000| Complete 
|  64|0x000000061f400000, 0x000000061f800000, 0x000000061f800000|100%| E|CS|TAMS 0x000000061f400000, 0x000000061f400000| Complete 
|  65|0x000000061f800000, 0x000000061fc00000, 0x000000061fc00000|100%| E|CS|TAMS 0x000000061f800000, 0x000000061f800000| Complete 
|  66|0x000000061fc00000, 0x0000000620000000, 0x0000000620000000|100%| E|CS|TAMS 0x000000061fc00000, 0x000000061fc00000| Complete 
|  67|0x0000000620000000, 0x0000000620400000, 0x0000000620400000|100%| E|CS|TAMS 0x0000000620000000, 0x0000000620000000| Complete 
| 122|0x000000062dc00000, 0x000000062e000000, 0x000000062e000000|100%| E|CS|TAMS 0x000000062dc00000, 0x000000062dc00000| Complete 
| 124|0x000000062e400000, 0x000000062e800000, 0x000000062e800000|100%| E|CS|TAMS 0x000000062e400000, 0x000000062e400000| Complete 

Card table byte_map: [0x00007fc400816000,0x00007fc40179c000] _byte_map_base: 0x00007fc3fd79c000

Marking Bits (Prev, Next): (CMBitMap*) 0x00007fc3fc0568c0, (CMBitMap*) 0x00007fc3fc056900
 Prev Bits: [0x00007fc3e0c4a000, 0x00007fc3e887a000)
 Next Bits: [0x00007fc3d901a000, 0x00007fc3e0c4a000)

Polling page: 0x00007fc404a1b000

Metaspace:

Usage:
  Non-class:     67.65 MB used.
      Class:     10.10 MB used.
       Both:     77.75 MB used.

Virtual space:
  Non-class space:      128.00 MB reserved,      67.94 MB ( 53%) committed,  2 nodes.
      Class space:        1.00 GB reserved,      10.38 MB (  1%) committed,  1 nodes.
             Both:        1.12 GB reserved,      78.31 MB (  7%) committed. 

Chunk freelists:
   Non-Class:  11.89 MB
       Class:  5.60 MB
        Both:  17.49 MB

MaxMetaspaceSize: unlimited
CompressedClassSpaceSize: 1.00 GB
Initial GC threshold: 21.00 MB
Current GC threshold: 102.81 MB
CDS: off
MetaspaceReclaimPolicy: balanced
 - commit_granule_bytes: 65536.
 - commit_granule_words: 8192.
 - virtual_space_node_default_size: 8388608.
 - enlarge_chunks_in_place: 1.
 - new_chunks_are_fully_committed: 0.
 - uncommit_free_chunks: 1.
 - use_allocation_guard: 0.
 - handle_deallocations: 1.


Internal statistics:

num_allocs_failed_limit: 12.
num_arena_births: 718.
num_arena_deaths: 0.
num_vsnodes_births: 3.
num_vsnodes_deaths: 0.
num_space_committed: 1253.
num_space_uncommitted: 0.
num_chunks_returned_to_freelist: 12.
num_chunks_taken_from_freelist: 3219.
num_chunk_merges: 9.
num_chunk_splits: 2310.
num_chunks_enlarged: 1807.
num_inconsistent_stats: 0.

CodeHeap 'non-profiled nmethods': size=120028Kb used=4927Kb max_used=4927Kb free=115100Kb
 bounds [0x00007fc3f12c9000, 0x00007fc3f1799000, 0x00007fc3f8800000]
CodeHeap 'profiled nmethods': size=120028Kb used=13044Kb max_used=13044Kb free=106983Kb
 bounds [0x00007fc3e9800000, 0x00007fc3ea4c0000, 0x00007fc3f0d37000]
CodeHeap 'non-nmethods': size=5704Kb used=1367Kb max_used=1432Kb free=4336Kb
 bounds [0x00007fc3f0d37000, 0x00007fc3f0fa7000, 0x00007fc3f12c9000]
 total_blobs=7406 nmethods=6715 adapters=603
 compilation: enabled
              stopped_count=0, restarted_count=0
 full_count=0

Compilation events (20 events):
Event: 2552.820 Thread 0x00007fc3fc1df4f0 nmethod 7481 0x00007fc3ea4b8910 code [0x00007fc3ea4b8ac0, 0x00007fc3ea4b8c70]
Event: 2562.723 Thread 0x00007fc3fc1df4f0 7483       3       org.apache.catalina.core.StandardServer$$Lambda$719/0x0000000800534848::run (8 bytes)
Event: 2562.724 Thread 0x00007fc3fc1df4f0 nmethod 7483 0x00007fc3ea4b8d10 code [0x00007fc3ea4b8ec0, 0x00007fc3ea4b9100]
Event: 2562.724 Thread 0x00007fc3fc1df4f0 7484       3       org.apache.catalina.core.StandardServer::lambda$startPeriodicLifecycleEvent$0 (8 bytes)
Event: 2562.724 Thread 0x00007fc3fc1df4f0 nmethod 7484 0x00007fc3ea4b9210 code [0x00007fc3ea4b93c0, 0x00007fc3ea4b9580]
Event: 2562.819 Thread 0x00007fc3fc1df4f0 7485       3       org.apache.catalina.core.ContainerBase$ContainerBackgroundProcessor::run (9 bytes)
Event: 2562.819 Thread 0x00007fc3fc1df4f0 nmethod 7485 0x00007fc3ea4b9610 code [0x00007fc3ea4b97c0, 0x00007fc3ea4b9900]
Event: 2562.820 Thread 0x00007fc3fc1df4f0 7486   !   3       org.apache.catalina.core.StandardContext::backgroundProcess (203 bytes)
Event: 2562.822 Thread 0x00007fc3fc1df4f0 nmethod 7486 0x00007fc3ea4b9990 code [0x00007fc3ea4b9d80, 0x00007fc3ea4bbbc0]
Event: 2562.822 Thread 0x00007fc3fc1df4f0 7487       3       org.apache.catalina.webresources.Cache::evict (79 bytes)
Event: 2562.823 Thread 0x00007fc3fc1df4f0 nmethod 7487 0x00007fc3ea4bc710 code [0x00007fc3ea4bc920, 0x00007fc3ea4bcfa0]
Event: 2686.129 Thread 0x00007fc3fc1de010 7488   !   4       java.lang.Thread::blockedOn (27 bytes)
Event: 2686.131 Thread 0x00007fc3fc1de010 nmethod 7488 0x00007fc3f1794f90 code [0x00007fc3f1795120, 0x00007fc3f17953d8]
Event: 2688.131 Thread 0x00007fc3fc1de010 7489   !   4       sun.nio.ch.SelectorImpl::processDeregisterQueue (145 bytes)
Event: 2688.135 Thread 0x00007fc3fc1de010 nmethod 7489 0x00007fc3f1795490 code [0x00007fc3f1795620, 0x00007fc3f17959b8]
Event: 2690.133 Thread 0x00007fc3fc1de010 7490   !   4       org.apache.tomcat.util.net.NioEndpoint$Poller::events (266 bytes)
Event: 2690.136 Thread 0x00007fc3fc1de010 nmethod 7490 0x00007fc3f1795b90 code [0x00007fc3f1795d20, 0x00007fc3f1795f38]
Event: 2697.738 Thread 0x00007fc3fc1de010 7491       4       org.springframework.boot.devtools.filewatch.FileSystemWatcher$Watcher::isDifferent (105 bytes)
Event: 2697.798 Thread 0x00007fc3fc1de010 nmethod 7491 0x00007fc3f1796090 code [0x00007fc3f1796340, 0x00007fc3f1797e68]
Event: 2802.827 Thread 0x00007fc3fc1de010 7492       4       java.util.concurrent.CopyOnWriteArrayList::iterator (13 bytes)

GC Heap History (20 events):
Event: 1.894 GC heap before
{Heap before GC invocations=7 (full 0):
 garbage-first heap   total 57344K, used 32408K [0x000000060f400000, 0x0000000800000000)
  region size 4096K, 6 young (24576K), 1 survivors (4096K)
 Metaspace       used 31777K, committed 32128K, reserved 1114112K
  class space    used 3668K, committed 3840K, reserved 1048576K
}
Event: 1.897 GC heap after
{Heap after GC invocations=8 (full 0):
 garbage-first heap   total 57344K, used 13798K [0x000000060f400000, 0x0000000800000000)
  region size 4096K, 1 young (4096K), 1 survivors (4096K)
 Metaspace       used 31777K, committed 32128K, reserved 1114112K
  class space    used 3668K, committed 3840K, reserved 1048576K
}
Event: 2.186 GC heap before
{Heap before GC invocations=8 (full 0):
 garbage-first heap   total 57344K, used 30182K [0x000000060f400000, 0x0000000800000000)
  region size 4096K, 6 young (24576K), 1 survivors (4096K)
 Metaspace       used 35943K, committed 36288K, reserved 1114112K
  class space    used 4240K, committed 4416K, reserved 1048576K
}
Event: 2.191 GC heap after
{Heap after GC invocations=9 (full 0):
 garbage-first heap   total 57344K, used 15929K [0x000000060f400000, 0x0000000800000000)
  region size 4096K, 1 young (4096K), 1 survivors (4096K)
 Metaspace       used 35943K, committed 36288K, reserved 1114112K
  class space    used 4240K, committed 4416K, reserved 1048576K
}
Event: 2.660 GC heap before
{Heap before GC invocations=10 (full 0):
 garbage-first heap   total 57344K, used 32313K [0x000000060f400000, 0x0000000800000000)
  region size 4096K, 6 young (24576K), 1 survivors (4096K)
 Metaspace       used 43618K, committed 44096K, reserved 1114112K
  class space    used 5124K, committed 5376K, reserved 1048576K
}
Event: 2.664 GC heap after
{Heap after GC invocations=11 (full 0):
 garbage-first heap   total 57344K, used 18059K [0x000000060f400000, 0x0000000800000000)
  region size 4096K, 1 young (4096K), 1 survivors (4096K)
 Metaspace       used 43618K, committed 44096K, reserved 1114112K
  class space    used 5124K, committed 5376K, reserved 1048576K
}
Event: 2.967 GC heap before
{Heap before GC invocations=11 (full 0):
 garbage-first heap   total 57344K, used 34443K [0x000000060f400000, 0x0000000800000000)
  region size 4096K, 6 young (24576K), 1 survivors (4096K)
 Metaspace       used 47686K, committed 48128K, reserved 1114112K
  class space    used 5725K, committed 5952K, reserved 1048576K
}
Event: 2.970 GC heap after
{Heap after GC invocations=12 (full 0):
 garbage-first heap   total 57344K, used 19189K [0x000000060f400000, 0x0000000800000000)
  region size 4096K, 1 young (4096K), 1 survivors (4096K)
 Metaspace       used 47686K, committed 48128K, reserved 1114112K
  class space    used 5725K, committed 5952K, reserved 1048576K
}
Event: 3.229 GC heap before
{Heap before GC invocations=12 (full 0):
 garbage-first heap   total 57344K, used 39669K [0x000000060f400000, 0x0000000800000000)
  region size 4096K, 6 young (24576K), 1 survivors (4096K)
 Metaspace       used 52678K, committed 53120K, reserved 1114112K
  class space    used 6459K, committed 6656K, reserved 1048576K
}
Event: 3.232 GC heap after
{Heap after GC invocations=13 (full 0):
 garbage-first heap   total 57344K, used 20386K [0x000000060f400000, 0x0000000800000000)
  region size 4096K, 1 young (4096K), 1 survivors (4096K)
 Metaspace       used 52678K, committed 53120K, reserved 1114112K
  class space    used 6459K, committed 6656K, reserved 1048576K
}
Event: 3.466 GC heap before
{Heap before GC invocations=13 (full 0):
 garbage-first heap   total 57344K, used 32674K [0x000000060f400000, 0x0000000800000000)
  region size 4096K, 5 young (20480K), 1 survivors (4096K)
 Metaspace       used 57814K, committed 58240K, reserved 1114112K
  class space    used 7202K, committed 7424K, reserved 1048576K
}
Event: 3.468 GC heap after
{Heap after GC invocations=14 (full 0):
 garbage-first heap   total 57344K, used 21615K [0x000000060f400000, 0x0000000800000000)
  region size 4096K, 1 young (4096K), 1 survivors (4096K)
 Metaspace       used 57814K, committed 58240K, reserved 1114112K
  class space    used 7202K, committed 7424K, reserved 1048576K
}
Event: 3.627 GC heap before
{Heap before GC invocations=14 (full 0):
 garbage-first heap   total 57344K, used 29807K [0x000000060f400000, 0x0000000800000000)
  region size 4096K, 4 young (16384K), 1 survivors (4096K)
 Metaspace       used 60168K, committed 60608K, reserved 1114112K
  class space    used 7661K, committed 7872K, reserved 1048576K
}
Event: 3.630 GC heap after
{Heap after GC invocations=15 (full 0):
 garbage-first heap   total 57344K, used 22028K [0x000000060f400000, 0x0000000800000000)
  region size 4096K, 1 young (4096K), 1 survivors (4096K)
 Metaspace       used 60168K, committed 60608K, reserved 1114112K
  class space    used 7661K, committed 7872K, reserved 1048576K
}
Event: 3.876 GC heap before
{Heap before GC invocations=16 (full 0):
 garbage-first heap   total 57344K, used 38412K [0x000000060f400000, 0x0000000800000000)
  region size 4096K, 5 young (20480K), 1 survivors (4096K)
 Metaspace       used 62392K, committed 62848K, reserved 1114112K
  class space    used 8024K, committed 8256K, reserved 1048576K
}
Event: 3.878 GC heap after
{Heap after GC invocations=17 (full 0):
 garbage-first heap   total 57344K, used 22541K [0x000000060f400000, 0x0000000800000000)
  region size 4096K, 1 young (4096K), 1 survivors (4096K)
 Metaspace       used 62392K, committed 62848K, reserved 1114112K
  class space    used 8024K, committed 8256K, reserved 1048576K
}
Event: 4.219 GC heap before
{Heap before GC invocations=18 (full 0):
 garbage-first heap   total 57344K, used 38925K [0x000000060f400000, 0x0000000800000000)
  region size 4096K, 5 young (20480K), 1 survivors (4096K)
 Metaspace       used 62978K, committed 63424K, reserved 1114112K
  class space    used 8114K, committed 8320K, reserved 1048576K
}
Event: 4.222 GC heap after
{Heap after GC invocations=19 (full 0):
 garbage-first heap   total 286720K, used 22973K [0x000000060f400000, 0x0000000800000000)
  region size 4096K, 1 young (4096K), 1 survivors (4096K)
 Metaspace       used 62978K, committed 63424K, reserved 1114112K
  class space    used 8114K, committed 8320K, reserved 1048576K
}
Event: 264.348 GC heap before
{Heap before GC invocations=19 (full 0):
 garbage-first heap   total 286720K, used 190909K [0x000000060f400000, 0x0000000800000000)
  region size 4096K, 42 young (172032K), 1 survivors (4096K)
 Metaspace       used 79438K, committed 80000K, reserved 1179648K
  class space    used 10339K, committed 10624K, reserved 1048576K
}
Event: 264.360 GC heap after
{Heap after GC invocations=20 (full 0):
 garbage-first heap   total 286720K, used 30095K [0x000000060f400000, 0x0000000800000000)
  region size 4096K, 3 young (12288K), 3 survivors (12288K)
 Metaspace       used 79438K, committed 80000K, reserved 1179648K
  class space    used 10339K, committed 10624K, reserved 1048576K
}

Dll operation events (9 events):
Event: 0.001 Loaded shared library /home/mnafees/.p2/pool/plugins/org.eclipse.justj.openjdk.hotspot.jre.full.linux.x86_64_17.0.7.v20230425-1502/jre/lib/libjava.so
Event: 0.076 Loaded shared library /home/mnafees/.p2/pool/plugins/org.eclipse.justj.openjdk.hotspot.jre.full.linux.x86_64_17.0.7.v20230425-1502/jre/lib/libnio.so
Event: 0.083 Loaded shared library /home/mnafees/.p2/pool/plugins/org.eclipse.justj.openjdk.hotspot.jre.full.linux.x86_64_17.0.7.v20230425-1502/jre/lib/libzip.so
Event: 0.176 Loaded shared library /home/mnafees/.p2/pool/plugins/org.eclipse.justj.openjdk.hotspot.jre.full.linux.x86_64_17.0.7.v20230425-1502/jre/lib/libjimage.so
Event: 0.204 Loaded shared library /home/mnafees/.p2/pool/plugins/org.eclipse.justj.openjdk.hotspot.jre.full.linux.x86_64_17.0.7.v20230425-1502/jre/lib/libnet.so
Event: 0.365 Loaded shared library /home/mnafees/.p2/pool/plugins/org.eclipse.justj.openjdk.hotspot.jre.full.linux.x86_64_17.0.7.v20230425-1502/jre/lib/libmanagement.so
Event: 0.366 Loaded shared library /home/mnafees/.p2/pool/plugins/org.eclipse.justj.openjdk.hotspot.jre.full.linux.x86_64_17.0.7.v20230425-1502/jre/lib/libmanagement_ext.so
Event: 0.759 Loaded shared library /home/mnafees/.p2/pool/plugins/org.eclipse.justj.openjdk.hotspot.jre.full.linux.x86_64_17.0.7.v20230425-1502/jre/lib/libverify.so
Event: 2.353 Loaded shared library /home/mnafees/.p2/pool/plugins/org.eclipse.justj.openjdk.hotspot.jre.full.linux.x86_64_17.0.7.v20230425-1502/jre/lib/libextnet.so

Deoptimization events (20 events):
Event: 1758.786 Thread 0x00007fc3581bd3c0 DEOPT PACKING pc=0x00007fc3f165f63c sp=0x00007fc3c93fdcd0
Event: 1758.786 Thread 0x00007fc3581bd3c0 DEOPT UNPACKING pc=0x00007fc3f0d90b19 sp=0x00007fc3c93fdc20 mode 2
Event: 1758.812 Thread 0x00007fc3581bd3c0 Uncommon trap: trap_request=0xffffffde fr.pc=0x00007fc3f164e210 relative=0x0000000000000a50
Event: 1758.812 Thread 0x00007fc3581bd3c0 Uncommon trap: reason=class_check action=maybe_recompile pc=0x00007fc3f164e210 method=java.util.stream.FindOps$FindOp.evaluateSequential(Ljava/util/stream/PipelineHelper;Ljava/util/Spliterator;)Ljava/lang/Object; @ 10 c2
Event: 1758.812 Thread 0x00007fc3581bd3c0 DEOPT PACKING pc=0x00007fc3f164e210 sp=0x00007fc3c93fd9d0
Event: 1758.812 Thread 0x00007fc3581bd3c0 DEOPT UNPACKING pc=0x00007fc3f0d90b19 sp=0x00007fc3c93fd998 mode 2
Event: 1758.824 Thread 0x00007fc3581bd3c0 Uncommon trap: trap_request=0xffffffde fr.pc=0x00007fc3f165f63c relative=0x000000000000009c
Event: 1758.824 Thread 0x00007fc3581bd3c0 Uncommon trap: reason=class_check action=maybe_recompile pc=0x00007fc3f165f63c method=java.util.Collections$2.tryAdvance(Ljava/util/function/Consumer;)Z @ 29 c2
Event: 1758.824 Thread 0x00007fc3581bd3c0 DEOPT PACKING pc=0x00007fc3f165f63c sp=0x00007fc3c93fdcd0
Event: 1758.824 Thread 0x00007fc3581bd3c0 DEOPT UNPACKING pc=0x00007fc3f0d90b19 sp=0x00007fc3c93fdc20 mode 2
Event: 1758.841 Thread 0x00007fc3581bd3c0 DEOPT PACKING pc=0x00007fc3ea0a45b9 sp=0x00007fc3c93fd470
Event: 1758.841 Thread 0x00007fc3581bd3c0 DEOPT UNPACKING pc=0x00007fc3f0d9164f sp=0x00007fc3c93fc918 mode 0
Event: 1759.301 Thread 0x00007fc3581bd3c0 Uncommon trap: trap_request=0xffffffde fr.pc=0x00007fc3f165f63c relative=0x000000000000009c
Event: 1759.301 Thread 0x00007fc3581bd3c0 Uncommon trap: reason=class_check action=maybe_recompile pc=0x00007fc3f165f63c method=java.util.Collections$2.tryAdvance(Ljava/util/function/Consumer;)Z @ 29 c2
Event: 1759.301 Thread 0x00007fc3581bd3c0 DEOPT PACKING pc=0x00007fc3f165f63c sp=0x00007fc3c93fdcd0
Event: 1759.301 Thread 0x00007fc3581bd3c0 DEOPT UNPACKING pc=0x00007fc3f0d90b19 sp=0x00007fc3c93fdc20 mode 2
Event: 1764.781 Thread 0x00007fc3581bd3c0 Uncommon trap: trap_request=0xffffffde fr.pc=0x00007fc3f165fa40 relative=0x00000000000000a0
Event: 1764.781 Thread 0x00007fc3581bd3c0 Uncommon trap: reason=class_check action=maybe_recompile pc=0x00007fc3f165fa40 method=java.util.Collections$2.tryAdvance(Ljava/util/function/Consumer;)Z @ 29 c2
Event: 1764.781 Thread 0x00007fc3581bd3c0 DEOPT PACKING pc=0x00007fc3f165fa40 sp=0x00007fc3c83a2c40
Event: 1764.781 Thread 0x00007fc3581bd3c0 DEOPT UNPACKING pc=0x00007fc3f0d90b19 sp=0x00007fc3c83a2c08 mode 2

Classes unloaded (0 events):
No events

Classes redefined (0 events):
No events

Internal exceptions (20 events):
Event: 4.698 Thread 0x00007fc3840023c0 Exception <a 'java/lang/reflect/InvocationTargetException'{0x000000061ddcd818}> (0x000000061ddcd818) 
thrown [src/hotspot/share/runtime/reflection.cpp, line 1119]
Event: 4.759 Thread 0x00007fc3840023c0 Exception <a 'java/lang/reflect/InvocationTargetException'{0x000000061d10cc28}> (0x000000061d10cc28) 
thrown [src/hotspot/share/runtime/reflection.cpp, line 1119]
Event: 4.761 Thread 0x00007fc3840023c0 Exception <a 'java/lang/reflect/InvocationTargetException'{0x000000061d11a428}> (0x000000061d11a428) 
thrown [src/hotspot/share/runtime/reflection.cpp, line 1119]
Event: 4.835 Thread 0x00007fc3840023c0 Implicit null exception at 0x00007fc3f13df93d to 0x00007fc3f13df9f6
Event: 4.873 Thread 0x00007fc3840023c0 Exception <a 'java/io/FileNotFoundException'{0x000000061c649980}> (0x000000061c649980) 
thrown [src/hotspot/share/prims/jni.cpp, line 516]
Event: 4.873 Thread 0x00007fc3840023c0 Exception <a 'java/io/FileNotFoundException'{0x000000061c6544e8}> (0x000000061c6544e8) 
thrown [src/hotspot/share/prims/jni.cpp, line 516]
Event: 5.099 Thread 0x00007fc3840023c0 Exception <a 'java/lang/IncompatibleClassChangeError'{0x000000061b681388}: Found class java.lang.Object, but interface was expected> (0x000000061b681388) 
thrown [src/hotspot/share/interpreter/linkResolver.cpp, line 826]
Event: 5.167 Thread 0x00007fc3840023c0 Exception <a 'java/lang/NoSuchMethodError'{0x000000061b2ce3a8}: 'void java.lang.invoke.DirectMethodHandle$Holder.invokeVirtual(java.lang.Object, java.lang.Object, int)'> (0x000000061b2ce3a8) 
thrown [src/hotspot/share/interpreter/linkResolver.cpp, line 758]
Event: 5.169 Thread 0x00007fc3840023c0 Exception <a 'java/lang/NoSuchMethodError'{0x000000061b2e8d58}: 'void java.lang.invoke.DirectMethodHandle$Holder.invokeVirtual(java.lang.Object, java.lang.Object, long)'> (0x000000061b2e8d58) 
thrown [src/hotspot/share/interpreter/linkResolver.cpp, line 758]
Event: 5.219 Thread 0x00007fc3840023c0 Implicit null exception at 0x00007fc3f1485667 to 0x00007fc3f1485b68
Event: 5.235 Thread 0x00007fc3840023c0 Implicit null exception at 0x00007fc3f14064da to 0x00007fc3f14066d8
Event: 5.307 Thread 0x00007fc3840023c0 Exception <a 'java/lang/NoSuchMethodError'{0x000000061a5daf78}: 'java.lang.Object java.lang.invoke.DirectMethodHandle$Holder.newInvokeSpecial(java.lang.Object, java.lang.Object, int, java.lang.Object, java.lang.Object)'> (0x000000061a5daf78) 
thrown [src/hotspot/share/interpreter/linkResolver.cpp, line 758]
Event: 5.308 Thread 0x00007fc3840023c0 Exception <a 'java/lang/NoSuchMethodError'{0x000000061a5e6308}: 'java.lang.Object java.lang.invoke.DirectMethodHandle$Holder.invokeSpecial(java.lang.Object, java.lang.Object, int, java.lang.Object, int, java.lang.Object)'> (0x000000061a5e6308) 
thrown [src/hotspot/share/interpreter/linkResolver.cpp, line 758]
Event: 5.308 Thread 0x00007fc3840023c0 Exception <a 'java/lang/NoSuchMethodError'{0x000000061a5ee328}: 'java.lang.Object java.lang.invoke.DirectMethodHandle$Holder.newInvokeSpecial(java.lang.Object, java.lang.Object, int, java.lang.Object, int)'> (0x000000061a5ee328) 
thrown [src/hotspot/share/interpreter/linkResolver.cpp, line 758]
Event: 5.308 Thread 0x00007fc3840023c0 Exception <a 'java/lang/NoSuchMethodError'{0x000000061a5f2428}: 'java.lang.Object java.lang.invoke.DirectMethodHandle$Holder.invokeSpecial(java.lang.Object, java.lang.Object, java.lang.Object, int, java.lang.Object, int)'> (0x000000061a5f2428) 
thrown [src/hotspot/share/interpreter/linkResolver.cpp, line 758]
Event: 5.426 Thread 0x00007fc3840023c0 Exception <a 'java/lang/IncompatibleClassChangeError'{0x000000061935fd78}: Found class java.lang.Object, but interface was expected> (0x000000061935fd78) 
thrown [src/hotspot/share/interpreter/linkResolver.cpp, line 826]
Event: 17.581 Thread 0x00007fc3797de5a0 Exception <a 'java/lang/NoSuchMethodError'{0x0000000618b2bea0}: 'java.lang.Object java.lang.invoke.DirectMethodHandle$Holder.invokeSpecial(java.lang.Object, java.lang.Object, java.lang.Object, java.lang.Object, java.lang.Object, long)'> (0x0000000618b2bea0) 
thrown [src/hotspot/share/interpreter/linkResolver.cpp, line 758]
Event: 17.581 Thread 0x00007fc3797de5a0 Exception <a 'java/lang/NoSuchMethodError'{0x0000000618b2f8e0}: 'java.lang.Object java.lang.invoke.Invokers$Holder.linkToTargetMethod(java.lang.Object, java.lang.Object, java.lang.Object, long, java.lang.Object)'> (0x0000000618b2f8e0) 
thrown [src/hotspot/share/interpreter/linkResolver.cpp, line 758]
Event: 17.950 Thread 0x00007fc3797df520 Implicit null exception at 0x00007fc3f145f16c to 0x00007fc3f145f214
Event: 18.091 Thread 0x00007fc3797e1430 Exception <a 'java/lang/NoSuchMethodError'{0x000000061a240ab0}: 'java.lang.Object java.lang.invoke.DirectMethodHandle$Holder.invokeInterface(java.lang.Object, java.lang.Object, java.lang.Object, java.lang.Object)'> (0x000000061a240ab0) 
thrown [src/hotspot/share/interpreter/linkResolver.cpp, line 758]

VM Operations (20 events):
Event: 1775.604 Executing VM operation: Cleanup
Event: 1775.604 Executing VM operation: Cleanup done
Event: 1779.605 Executing VM operation: Cleanup
Event: 1779.605 Executing VM operation: Cleanup done
Event: 1800.608 Executing VM operation: Cleanup
Event: 1800.608 Executing VM operation: Cleanup done
Event: 1827.613 Executing VM operation: Cleanup
Event: 1827.613 Executing VM operation: Cleanup done
Event: 1891.623 Executing VM operation: Cleanup
Event: 1891.623 Executing VM operation: Cleanup done
Event: 1913.627 Executing VM operation: Cleanup
Event: 1913.627 Executing VM operation: Cleanup done
Event: 2315.692 Executing VM operation: Cleanup
Event: 2315.692 Executing VM operation: Cleanup done
Event: 2390.704 Executing VM operation: Cleanup
Event: 2390.704 Executing VM operation: Cleanup done
Event: 2456.713 Executing VM operation: Cleanup
Event: 2456.713 Executing VM operation: Cleanup done
Event: 2513.723 Executing VM operation: Cleanup
Event: 2513.723 Executing VM operation: Cleanup done

Events (20 events):
Event: 1764.302 Thread 0x00007fc3581bada0 Thread exited: 0x00007fc3581bada0
Event: 1764.339 Thread 0x00007fc3581bd3c0 Thread exited: 0x00007fc3581bd3c0
Event: 1764.780 Thread 0x00007fc3581bada0 Thread added: 0x00007fc3581bada0
Event: 1764.780 Protecting memory [0x00007fc3c9300000,0x00007fc3c9304000] with protection modes 0
Event: 1764.780 Thread 0x00007fc3581bd3c0 Thread added: 0x00007fc3581bd3c0
Event: 1764.780 Protecting memory [0x00007fc3c82a5000,0x00007fc3c82a9000] with protection modes 0
Event: 1769.782 Thread 0x00007fc3581bada0 Thread exited: 0x00007fc3581bada0
Event: 1769.817 Thread 0x00007fc3581bd3c0 Thread exited: 0x00007fc3581bd3c0
Event: 1775.143 Thread 0x00007fc3581bada0 Thread added: 0x00007fc3581bada0
Event: 1775.143 Protecting memory [0x00007fc3c82a5000,0x00007fc3c82a9000] with protection modes 0
Event: 1775.144 Thread 0x00007fc3581bd2c0 Thread added: 0x00007fc3581bd2c0
Event: 1775.144 Protecting memory [0x00007fc3c9300000,0x00007fc3c9304000] with protection modes 0
Event: 1786.298 Thread 0x00007fc3581bada0 Thread exited: 0x00007fc3581bada0
Event: 1786.335 Thread 0x00007fc3581bd2c0 Thread exited: 0x00007fc3581bd2c0
Event: 1800.521 Thread 0x00007fc3581bada0 Thread added: 0x00007fc3581bada0
Event: 1800.521 Protecting memory [0x00007fc3c9300000,0x00007fc3c9304000] with protection modes 0
Event: 1800.521 Thread 0x00007fc3581bd2c0 Thread added: 0x00007fc3581bd2c0
Event: 1800.521 Protecting memory [0x00007fc3c82a5000,0x00007fc3c82a9000] with protection modes 0
Event: 1805.522 Thread 0x00007fc3581bada0 Thread exited: 0x00007fc3581bada0
Event: 1805.558 Thread 0x00007fc3581bd2c0 Thread exited: 0x00007fc3581bd2c0


Dynamic libraries:
60f400000-620400000 rw-p 00000000 00:00 0 
620400000-62dc00000 ---p 00000000 00:00 0 
62dc00000-62e000000 rw-p 00000000 00:00 0 
62e000000-62e400000 ---p 00000000 00:00 0 
62e400000-62e800000 rw-p 00000000 00:00 0 
62e800000-800000000 ---p 00000000 00:00 0 
800000000-800010000 rw-p 00000000 00:00 0 
800010000-800030000 rw-p 00000000 00:00 0 
800030000-8000b0000 rw-p 00000000 00:00 0 
8000b0000-800130000 rw-p 00000000 00:00 0 
800130000-800170000 rw-p 00000000 00:00 0 
800170000-800230000 rw-p 00000000 00:00 0 
800230000-8003f0000 rw-p 00000000 00:00 0 
8003f0000-800470000 rw-p 00000000 00:00 0 
800470000-8004b0000 rw-p 00000000 00:00 0 
8004b0000-800530000 rw-p 00000000 00:00 0 
800530000-800570000 rw-p 00000000 00:00 0 
800570000-800580000 ---p 00000000 00:00 0 
800580000-800a70000 rw-p 00000000 00:00 0 
800a70000-840000000 ---p 00000000 00:00 0 
561791e53000-561791e54000 r--p 00000000 103:02 4985676                   /home/mnafees/.p2/pool/plugins/org.eclipse.justj.openjdk.hotspot.jre.full.linux.x86_64_17.0.7.v20230425-1502/jre/bin/java
561791e54000-561791e55000 r-xp 00001000 103:02 4985676                   /home/mnafees/.p2/pool/plugins/org.eclipse.justj.openjdk.hotspot.jre.full.linux.x86_64_17.0.7.v20230425-1502/jre/bin/java
561791e55000-561791e56000 r--p 00002000 103:02 4985676                   /home/mnafees/.p2/pool/plugins/org.eclipse.justj.openjdk.hotspot.jre.full.linux.x86_64_17.0.7.v20230425-1502/jre/bin/java
561791e56000-561791e57000 r--p 00002000 103:02 4985676                   /home/mnafees/.p2/pool/plugins/org.eclipse.justj.openjdk.hotspot.jre.full.linux.x86_64_17.0.7.v20230425-1502/jre/bin/java
561791e57000-561791e58000 rw-p 00003000 103:02 4985676                   /home/mnafees/.p2/pool/plugins/org.eclipse.justj.openjdk.hotspot.jre.full.linux.x86_64_17.0.7.v20230425-1502/jre/bin/java
561792bc9000-561792c13000 rw-p 00000000 00:00 0                          [heap]
7fc308000000-7fc308021000 rw-p 00000000 00:00 0 
7fc308021000-7fc30c000000 ---p 00000000 00:00 0 
7fc30c000000-7fc30c1d0000 rw-p 00000000 00:00 0 
7fc30c1d0000-7fc30c1f0000 rw-p 00000000 00:00 0 
7fc30c1f0000-7fc30c370000 rw-p 00000000 00:00 0 
7fc30c370000-7fc30c3d0000 rw-p 00000000 00:00 0 
7fc30c3d0000-7fc30c400000 ---p 00000000 00:00 0 
7fc30c400000-7fc30c420000 rw-p 00000000 00:00 0 
7fc30c420000-7fc310000000 ---p 00000000 00:00 0 
7fc310000000-7fc310021000 rw-p 00000000 00:00 0 
7fc310021000-7fc314000000 ---p 00000000 00:00 0 
7fc314000000-7fc314021000 rw-p 00000000 00:00 0 
7fc314021000-7fc318000000 ---p 00000000 00:00 0 
7fc318000000-7fc318021000 rw-p 00000000 00:00 0 
7fc318021000-7fc31c000000 ---p 00000000 00:00 0 
7fc31c000000-7fc31c021000 rw-p 00000000 00:00 0 
7fc31c021000-7fc320000000 ---p 00000000 00:00 0 
7fc320000000-7fc320021000 rw-p 00000000 00:00 0 
7fc320021000-7fc324000000 ---p 00000000 00:00 0 
7fc324000000-7fc324021000 rw-p 00000000 00:00 0 
7fc324021000-7fc328000000 ---p 00000000 00:00 0 
7fc328000000-7fc328021000 rw-p 00000000 00:00 0 
7fc328021000-7fc32c000000 ---p 00000000 00:00 0 
7fc32c000000-7fc32c021000 rw-p 00000000 00:00 0 
7fc32c021000-7fc330000000 ---p 00000000 00:00 0 
7fc330000000-7fc330247000 rw-p 00000000 00:00 0 
7fc330247000-7fc334000000 ---p 00000000 00:00 0 
7fc334000000-7fc334021000 rw-p 00000000 00:00 0 
7fc334021000-7fc338000000 ---p 00000000 00:00 0 
7fc338000000-7fc3381c3000 rw-p 00000000 00:00 0 
7fc3381c3000-7fc33c000000 ---p 00000000 00:00 0 
7fc33f2fe000-7fc33f2ff000 ---p 00000000 00:00 0 
7fc33f2ff000-7fc33f400000 rw-p 00000000 00:00 0 
7fc33f400000-7fc33f404000 ---p 00000000 00:00 0 
7fc33f404000-7fc33f500000 rw-p 00000000 00:00 0 
7fc33f500000-7fc33f504000 ---p 00000000 00:00 0 
7fc33f504000-7fc33f600000 rw-p 00000000 00:00 0 
7fc33f600000-7fc33f604000 ---p 00000000 00:00 0 
7fc33f604000-7fc33f700000 rw-p 00000000 00:00 0 
7fc33f700000-7fc33f704000 ---p 00000000 00:00 0 
7fc33f704000-7fc33f800000 rw-p 00000000 00:00 0 
7fc33f800000-7fc33f804000 ---p 00000000 00:00 0 
7fc33f804000-7fc33f900000 rw-p 00000000 00:00 0 
7fc33f900000-7fc33f904000 ---p 00000000 00:00 0 
7fc33f904000-7fc33fa00000 rw-p 00000000 00:00 0 
7fc33fa00000-7fc33fa04000 ---p 00000000 00:00 0 
7fc33fa04000-7fc33fb00000 rw-p 00000000 00:00 0 
7fc33fb00000-7fc33fb04000 ---p 00000000 00:00 0 
7fc33fb04000-7fc33fc00000 rw-p 00000000 00:00 0 
7fc33fc00000-7fc33fc04000 ---p 00000000 00:00 0 
7fc33fc04000-7fc33fd00000 rw-p 00000000 00:00 0 
7fc33fd00000-7fc33fd04000 ---p 00000000 00:00 0 
7fc33fd04000-7fc33fe00000 rw-p 00000000 00:00 0 
7fc33fe00000-7fc33fe04000 ---p 00000000 00:00 0 
7fc33fe04000-7fc33ff00000 rw-p 00000000 00:00 0 
7fc33ff00000-7fc33ff04000 ---p 00000000 00:00 0 
7fc33ff04000-7fc340000000 rw-p 00000000 00:00 0 
7fc340000000-7fc340021000 rw-p 00000000 00:00 0 
7fc340021000-7fc344000000 ---p 00000000 00:00 0 
7fc344000000-7fc344021000 rw-p 00000000 00:00 0 
7fc344021000-7fc348000000 ---p 00000000 00:00 0 
7fc348000000-7fc348021000 rw-p 00000000 00:00 0 
7fc348021000-7fc34c000000 ---p 00000000 00:00 0 
7fc34c000000-7fc34d7ee000 rw-p 00000000 00:00 0 
7fc34d7ee000-7fc350000000 ---p 00000000 00:00 0 
7fc350000000-7fc350021000 rw-p 00000000 00:00 0 
7fc350021000-7fc354000000 ---p 00000000 00:00 0 
7fc354000000-7fc354021000 rw-p 00000000 00:00 0 
7fc354021000-7fc358000000 ---p 00000000 00:00 0 
7fc358000000-7fc3581c0000 rw-p 00000000 00:00 0 
7fc3581c0000-7fc35c000000 ---p 00000000 00:00 0 
7fc35c000000-7fc35c021000 rw-p 00000000 00:00 0 
7fc35c021000-7fc360000000 ---p 00000000 00:00 0 
7fc360000000-7fc360021000 rw-p 00000000 00:00 0 
7fc360021000-7fc364000000 ---p 00000000 00:00 0 
7fc364000000-7fc364021000 rw-p 00000000 00:00 0 
7fc364021000-7fc368000000 ---p 00000000 00:00 0 
7fc368000000-7fc368021000 rw-p 00000000 00:00 0 
7fc368021000-7fc36c000000 ---p 00000000 00:00 0 
7fc36c000000-7fc36c021000 rw-p 00000000 00:00 0 
7fc36c021000-7fc370000000 ---p 00000000 00:00 0 
7fc370000000-7fc370021000 rw-p 00000000 00:00 0 
7fc370021000-7fc374000000 ---p 00000000 00:00 0 
7fc374000000-7fc374021000 rw-p 00000000 00:00 0 
7fc374021000-7fc378000000 ---p 00000000 00:00 0 
7fc378000000-7fc3798d1000 rw-p 00000000 00:00 0 
7fc3798d1000-7fc37c000000 ---p 00000000 00:00 0 
7fc37c000000-7fc37c021000 rw-p 00000000 00:00 0 
7fc37c021000-7fc380000000 ---p 00000000 00:00 0 
7fc380000000-7fc3810da000 rw-p 00000000 00:00 0 
7fc3810da000-7fc384000000 ---p 00000000 00:00 0 
7fc384000000-7fc3844d5000 rw-p 00000000 00:00 0 
7fc3844d5000-7fc388000000 ---p 00000000 00:00 0 
7fc388000000-7fc388021000 rw-p 00000000 00:00 0 
7fc388021000-7fc38c000000 ---p 00000000 00:00 0 
7fc38c000000-7fc38d490000 rw-p 00000000 00:00 0 
7fc38d490000-7fc390000000 ---p 00000000 00:00 0 
7fc390000000-7fc390021000 rw-p 00000000 00:00 0 
7fc390021000-7fc394000000 ---p 00000000 00:00 0 
7fc394000000-7fc394021000 rw-p 00000000 00:00 0 
7fc394021000-7fc398000000 ---p 00000000 00:00 0 
7fc398000000-7fc398a5b000 rw-p 00000000 00:00 0 
7fc398a5b000-7fc39c000000 ---p 00000000 00:00 0 
7fc39c000000-7fc39c021000 rw-p 00000000 00:00 0 
7fc39c021000-7fc3a0000000 ---p 00000000 00:00 0 
7fc3a0000000-7fc3a0021000 rw-p 00000000 00:00 0 
7fc3a0021000-7fc3a4000000 ---p 00000000 00:00 0 
7fc3a4000000-7fc3a5799000 rw-p 00000000 00:00 0 
7fc3a5799000-7fc3a8000000 ---p 00000000 00:00 0 
7fc3a8000000-7fc3a8021000 rw-p 00000000 00:00 0 
7fc3a8021000-7fc3ac000000 ---p 00000000 00:00 0 
7fc3ac000000-7fc3ac021000 rw-p 00000000 00:00 0 
7fc3ac021000-7fc3b0000000 ---p 00000000 00:00 0 
7fc3b0000000-7fc3b0021000 rw-p 00000000 00:00 0 
7fc3b0021000-7fc3b4000000 ---p 00000000 00:00 0 
7fc3b4000000-7fc3b4021000 rw-p 00000000 00:00 0 
7fc3b4021000-7fc3b8000000 ---p 00000000 00:00 0 
7fc3b8000000-7fc3b8021000 rw-p 00000000 00:00 0 
7fc3b8021000-7fc3bc000000 ---p 00000000 00:00 0 
7fc3bc000000-7fc3bc021000 rw-p 00000000 00:00 0 
7fc3bc021000-7fc3c0000000 ---p 00000000 00:00 0 
7fc3c0000000-7fc3c03f0000 rw-p 00000000 00:00 0 
7fc3c03f0000-7fc3c0470000 rw-p 00000000 00:00 0 
7fc3c0470000-7fc3c04f0000 rw-p 00000000 00:00 0 
7fc3c04f0000-7fc3c06f0000 rw-p 00000000 00:00 0 
7fc3c06f0000-7fc3c0770000 rw-p 00000000 00:00 0 
7fc3c0770000-7fc3c08f0000 rw-p 00000000 00:00 0 
7fc3c08f0000-7fc3c09f0000 rw-p 00000000 00:00 0 
7fc3c09f0000-7fc3c0ad0000 rw-p 00000000 00:00 0 
7fc3c0ad0000-7fc3c0af0000 rw-p 00000000 00:00 0 
7fc3c0af0000-7fc3c0cf0000 rw-p 00000000 00:00 0 
7fc3c0cf0000-7fc3c10f0000 rw-p 00000000 00:00 0 
7fc3c10f0000-7fc3c12f0000 rw-p 00000000 00:00 0 
7fc3c12f0000-7fc3c13f0000 rw-p 00000000 00:00 0 
7fc3c13f0000-7fc3c1b70000 rw-p 00000000 00:00 0 
7fc3c1b70000-7fc3c1bf0000 rw-p 00000000 00:00 0 
7fc3c1bf0000-7fc3c1cf0000 rw-p 00000000 00:00 0 
7fc3c1cf0000-7fc3c1df0000 rw-p 00000000 00:00 0 
7fc3c1df0000-7fc3c20b0000 rw-p 00000000 00:00 0 
7fc3c20b0000-7fc3c20f0000 rw-p 00000000 00:00 0 
7fc3c20f0000-7fc3c22f0000 rw-p 00000000 00:00 0 
7fc3c22f0000-7fc3c2330000 rw-p 00000000 00:00 0 
7fc3c2330000-7fc3c2370000 rw-p 00000000 00:00 0 
7fc3c2370000-7fc3c24f0000 rw-p 00000000 00:00 0 
7fc3c24f0000-7fc3c2ef0000 rw-p 00000000 00:00 0 
7fc3c2ef0000-7fc3c2ff0000 rw-p 00000000 00:00 0 
7fc3c2ff0000-7fc3c4000000 rw-p 00000000 00:00 0 
7fc3c4000000-7fc3c4021000 rw-p 00000000 00:00 0 
7fc3c4021000-7fc3c8000000 ---p 00000000 00:00 0 
7fc3c80a5000-7fc3c80a9000 ---p 00000000 00:00 0 
7fc3c80a9000-7fc3c81a5000 rw-p 00000000 00:00 0 
7fc3c81a5000-7fc3c81a9000 ---p 00000000 00:00 0 
7fc3c81a9000-7fc3c82a5000 rw-p 00000000 00:00 0 
7fc3c82a5000-7fc3c82a9000 ---p 00000000 00:00 0 
7fc3c82a9000-7fc3c83a5000 rw-p 00000000 00:00 0 
7fc3c83a5000-7fc3c83a9000 ---p 00000000 00:00 0 
7fc3c83a9000-7fc3c84a5000 rw-p 00000000 00:00 0 
7fc3c84a5000-7fc3c84a9000 ---p 00000000 00:00 0 
7fc3c84a9000-7fc3c85a5000 rw-p 00000000 00:00 0 
7fc3c85a5000-7fc3c85a9000 ---p 00000000 00:00 0 
7fc3c85a9000-7fc3c86a5000 rw-p 00000000 00:00 0 
7fc3c86a5000-7fc3c86a6000 ---p 00000000 00:00 0 
7fc3c86a6000-7fc3c87a7000 rw-p 00000000 00:00 0 
7fc3c87a7000-7fc3c87ab000 ---p 00000000 00:00 0 
7fc3c87ab000-7fc3c88a7000 rw-p 00000000 00:00 0 
7fc3c88a7000-7fc3c88a8000 ---p 00000000 00:00 0 
7fc3c88a8000-7fc3c89a9000 rw-p 00000000 00:00 0 
7fc3c89a9000-7fc3c89aa000 ---p 00000000 00:00 0 
7fc3c89aa000-7fc3c8aab000 rw-p 00000000 00:00 0 
7fc3c8aab000-7fc3c8aac000 ---p 00000000 00:00 0 
7fc3c8aac000-7fc3c8bad000 rw-p 00000000 00:00 0 
7fc3c8bad000-7fc3c8bae000 ---p 00000000 00:00 0 
7fc3c8bae000-7fc3c8caf000 rw-p 00000000 00:00 0 
7fc3c8caf000-7fc3c8cb0000 ---p 00000000 00:00 0 
7fc3c8cb0000-7fc3c8db1000 rw-p 00000000 00:00 0 
7fc3c8db1000-7fc3c8db2000 ---p 00000000 00:00 0 
7fc3c8db2000-7fc3c8eb3000 rw-p 00000000 00:00 0 
7fc3c8eb3000-7fc3c8eb7000 ---p 00000000 00:00 0 
7fc3c8eb7000-7fc3c8fb3000 rw-p 00000000 00:00 0 
7fc3c8fb3000-7fc3c8fb7000 ---p 00000000 00:00 0 
7fc3c8fb7000-7fc3c90b3000 rw-p 00000000 00:00 0 
7fc3c90fe000-7fc3c90ff000 ---p 00000000 00:00 0 
7fc3c90ff000-7fc3c9200000 rw-p 00000000 00:00 0 
7fc3c9200000-7fc3c9204000 ---p 00000000 00:00 0 
7fc3c9204000-7fc3c9300000 rw-p 00000000 00:00 0 
7fc3c9300000-7fc3c9304000 ---p 00000000 00:00 0 
7fc3c9304000-7fc3c9400000 rw-p 00000000 00:00 0 
7fc3c9400000-7fc3c9ee3000 r--p 00000000 103:02 1455618                   /usr/lib/locale/locale-archive
7fc3c9f00000-7fc3c9f04000 ---p 00000000 00:00 0 
7fc3c9f04000-7fc3cc000000 rw-p 00000000 00:00 0 
7fc3cc000000-7fc3cc021000 rw-p 00000000 00:00 0 
7fc3cc021000-7fc3d0000000 ---p 00000000 00:00 0 
7fc3d0000000-7fc3d0021000 rw-p 00000000 00:00 0 
7fc3d0021000-7fc3d4000000 ---p 00000000 00:00 0 
7fc3d4000000-7fc3d4037000 rw-p 00000000 00:00 0 
7fc3d4037000-7fc3d8000000 ---p 00000000 00:00 0 
7fc3d800f000-7fc3d8010000 ---p 00000000 00:00 0 
7fc3d8010000-7fc3d8111000 rw-p 00000000 00:00 0 
7fc3d8111000-7fc3d8115000 ---p 00000000 00:00 0 
7fc3d8115000-7fc3d8211000 rw-p 00000000 00:00 0 
7fc3d8211000-7fc3d8215000 ---p 00000000 00:00 0 
7fc3d8215000-7fc3d8311000 rw-p 00000000 00:00 0 
7fc3d8311000-7fc3d8315000 ---p 00000000 00:00 0 
7fc3d8315000-7fc3d8411000 rw-p 00000000 00:00 0 
7fc3d8411000-7fc3d8415000 ---p 00000000 00:00 0 
7fc3d8415000-7fc3d8511000 rw-p 00000000 00:00 0 
7fc3d8511000-7fc3d8515000 ---p 00000000 00:00 0 
7fc3d8515000-7fc3d8611000 rw-p 00000000 00:00 0 
7fc3d8611000-7fc3d8615000 ---p 00000000 00:00 0 
7fc3d8615000-7fc3d8711000 rw-p 00000000 00:00 0 
7fc3d8711000-7fc3d8715000 ---p 00000000 00:00 0 
7fc3d8715000-7fc3d8811000 rw-p 00000000 00:00 0 
7fc3d8811000-7fc3d8815000 ---p 00000000 00:00 0 
7fc3d8815000-7fc3d8911000 rw-p 00000000 00:00 0 
7fc3d8911000-7fc3d8915000 ---p 00000000 00:00 0 
7fc3d8915000-7fc3d8a11000 rw-p 00000000 00:00 0 
7fc3d8a11000-7fc3d8a12000 ---p 00000000 00:00 0 
7fc3d8a12000-7fc3d8b13000 rw-p 00000000 00:00 0 
7fc3d8b13000-7fc3d8b14000 ---p 00000000 00:00 0 
7fc3d8b14000-7fc3d8c15000 rw-p 00000000 00:00 0 
7fc3d8c15000-7fc3d8c16000 ---p 00000000 00:00 0 
7fc3d8c16000-7fc3d945a000 rw-p 00000000 00:00 0 
7fc3d945a000-7fc3d97ba000 ---p 00000000 00:00 0 
7fc3d97ba000-7fc3d97ca000 rw-p 00000000 00:00 0 
7fc3d97ca000-7fc3d97da000 ---p 00000000 00:00 0 
7fc3d97da000-7fc3d97ea000 rw-p 00000000 00:00 0 
7fc3d97ea000-7fc3e0c4a000 ---p 00000000 00:00 0 
7fc3e0c4a000-7fc3e108a000 rw-p 00000000 00:00 0 
7fc3e108a000-7fc3e13ea000 ---p 00000000 00:00 0 
7fc3e13ea000-7fc3e13fa000 rw-p 00000000 00:00 0 
7fc3e13fa000-7fc3e140a000 ---p 00000000 00:00 0 
7fc3e140a000-7fc3e141a000 rw-p 00000000 00:00 0 
7fc3e141a000-7fc3e887a000 ---p 00000000 00:00 0 
7fc3e887a000-7fc3e8902000 rw-p 00000000 00:00 0 
7fc3e8902000-7fc3e896e000 ---p 00000000 00:00 0 
7fc3e896e000-7fc3e8970000 rw-p 00000000 00:00 0 
7fc3e8970000-7fc3e8972000 ---p 00000000 00:00 0 
7fc3e8972000-7fc3e8974000 rw-p 00000000 00:00 0 
7fc3e8974000-7fc3e9800000 ---p 00000000 00:00 0 
7fc3e9800000-7fc3ea4c0000 rwxp 00000000 00:00 0 
7fc3ea4c0000-7fc3f0d37000 ---p 00000000 00:00 0 
7fc3f0d37000-7fc3f0fa7000 rwxp 00000000 00:00 0 
7fc3f0fa7000-7fc3f12c9000 ---p 00000000 00:00 0 
7fc3f12c9000-7fc3f1799000 rwxp 00000000 00:00 0 
7fc3f1799000-7fc3f8800000 ---p 00000000 00:00 0 
7fc3f8800000-7fc3fbe65000 r--s 00000000 103:02 4986052                   /home/mnafees/.p2/pool/plugins/org.eclipse.justj.openjdk.hotspot.jre.full.linux.x86_64_17.0.7.v20230425-1502/jre/lib/modules
7fc3fbe77000-7fc3fbe7e000 r--s 00000000 103:02 1477287                   /usr/lib/x86_64-linux-gnu/gconv/gconv-modules.cache
7fc3fbe7e000-7fc3fc000000 rw-p 00000000 00:00 0 
7fc3fc000000-7fc3fc90c000 rw-p 00000000 00:00 0 
7fc3fc90c000-7fc400000000 ---p 00000000 00:00 0 
7fc400000000-7fc4004d1000 rw-p 00000000 00:00 0 
7fc4004d1000-7fc4004d2000 ---p 00000000 00:00 0 
7fc4004d2000-7fc4005d3000 rw-p 00000000 00:00 0 
7fc4005d3000-7fc4005d4000 ---p 00000000 00:00 0 
7fc4005d4000-7fc4006d5000 rw-p 00000000 00:00 0 
7fc4006d5000-7fc4006d6000 ---p 00000000 00:00 0 
7fc4006d6000-7fc40089e000 rw-p 00000000 00:00 0 
7fc40089e000-7fc40090a000 ---p 00000000 00:00 0 
7fc40090a000-7fc40090c000 rw-p 00000000 00:00 0 
7fc40090c000-7fc40090e000 ---p 00000000 00:00 0 
7fc40090e000-7fc400910000 rw-p 00000000 00:00 0 
7fc400910000-7fc40179c000 ---p 00000000 00:00 0 
7fc40179c000-7fc401824000 rw-p 00000000 00:00 0 
7fc401824000-7fc401890000 ---p 00000000 00:00 0 
7fc401890000-7fc401892000 rw-p 00000000 00:00 0 
7fc401892000-7fc401894000 ---p 00000000 00:00 0 
7fc401894000-7fc401896000 rw-p 00000000 00:00 0 
7fc401896000-7fc402722000 ---p 00000000 00:00 0 
7fc402722000-7fc402f34000 rw-p 00000000 00:00 0 
7fc402f34000-7fc403015000 ---p 00000000 00:00 0 
7fc403015000-7fc40302f000 rw-p 00000000 00:00 0 
7fc40302f000-7fc403100000 ---p 00000000 00:00 0 
7fc403100000-7fc403104000 ---p 00000000 00:00 0 
7fc403104000-7fc403200000 rw-p 00000000 00:00 0 
7fc403200000-7fc403452000 r--p 00000000 103:02 4986048                   /home/mnafees/.p2/pool/plugins/org.eclipse.justj.openjdk.hotspot.jre.full.linux.x86_64_17.0.7.v20230425-1502/jre/lib/server/libjvm.so
7fc403452000-7fc404172000 r-xp 00252000 103:02 4986048                   /home/mnafees/.p2/pool/plugins/org.eclipse.justj.openjdk.hotspot.jre.full.linux.x86_64_17.0.7.v20230425-1502/jre/lib/server/libjvm.so
7fc404172000-7fc4043fe000 r--p 00f72000 103:02 4986048                   /home/mnafees/.p2/pool/plugins/org.eclipse.justj.openjdk.hotspot.jre.full.linux.x86_64_17.0.7.v20230425-1502/jre/lib/server/libjvm.so
7fc4043fe000-7fc4043ff000 ---p 011fe000 103:02 4986048                   /home/mnafees/.p2/pool/plugins/org.eclipse.justj.openjdk.hotspot.jre.full.linux.x86_64_17.0.7.v20230425-1502/jre/lib/server/libjvm.so
7fc4043ff000-7fc4044b8000 r--p 011fe000 103:02 4986048                   /home/mnafees/.p2/pool/plugins/org.eclipse.justj.openjdk.hotspot.jre.full.linux.x86_64_17.0.7.v20230425-1502/jre/lib/server/libjvm.so
7fc4044b8000-7fc4044ed000 rw-p 012b7000 103:02 4986048                   /home/mnafees/.p2/pool/plugins/org.eclipse.justj.openjdk.hotspot.jre.full.linux.x86_64_17.0.7.v20230425-1502/jre/lib/server/libjvm.so
7fc4044ed000-7fc404547000 rw-p 00000000 00:00 0 
7fc404549000-7fc40454a000 r--p 00000000 103:02 4986092                   /home/mnafees/.p2/pool/plugins/org.eclipse.justj.openjdk.hotspot.jre.full.linux.x86_64_17.0.7.v20230425-1502/jre/lib/libextnet.so
7fc40454a000-7fc40454b000 r-xp 00001000 103:02 4986092                   /home/mnafees/.p2/pool/plugins/org.eclipse.justj.openjdk.hotspot.jre.full.linux.x86_64_17.0.7.v20230425-1502/jre/lib/libextnet.so
7fc40454b000-7fc40454c000 r--p 00002000 103:02 4986092                   /home/mnafees/.p2/pool/plugins/org.eclipse.justj.openjdk.hotspot.jre.full.linux.x86_64_17.0.7.v20230425-1502/jre/lib/libextnet.so
7fc40454c000-7fc40454d000 r--p 00002000 103:02 4986092                   /home/mnafees/.p2/pool/plugins/org.eclipse.justj.openjdk.hotspot.jre.full.linux.x86_64_17.0.7.v20230425-1502/jre/lib/libextnet.so
7fc40454d000-7fc40454e000 rw-p 00003000 103:02 4986092                   /home/mnafees/.p2/pool/plugins/org.eclipse.justj.openjdk.hotspot.jre.full.linux.x86_64_17.0.7.v20230425-1502/jre/lib/libextnet.so
7fc40454e000-7fc404552000 r--p 00000000 103:02 4986063                   /home/mnafees/.p2/pool/plugins/org.eclipse.justj.openjdk.hotspot.jre.full.linux.x86_64_17.0.7.v20230425-1502/jre/lib/libverify.so
7fc404552000-7fc404559000 r-xp 00004000 103:02 4986063                   /home/mnafees/.p2/pool/plugins/org.eclipse.justj.openjdk.hotspot.jre.full.linux.x86_64_17.0.7.v20230425-1502/jre/lib/libverify.so
7fc404559000-7fc40455b000 r--p 0000b000 103:02 4986063                   /home/mnafees/.p2/pool/plugins/org.eclipse.justj.openjdk.hotspot.jre.full.linux.x86_64_17.0.7.v20230425-1502/jre/lib/libverify.so
7fc40455b000-7fc40455d000 r--p 0000c000 103:02 4986063                   /home/mnafees/.p2/pool/plugins/org.eclipse.justj.openjdk.hotspot.jre.full.linux.x86_64_17.0.7.v20230425-1502/jre/lib/libverify.so
7fc40455d000-7fc40455e000 rw-p 0000e000 103:02 4986063                   /home/mnafees/.p2/pool/plugins/org.eclipse.justj.openjdk.hotspot.jre.full.linux.x86_64_17.0.7.v20230425-1502/jre/lib/libverify.so
7fc40455e000-7fc404560000 r--p 00000000 103:02 4986090                   /home/mnafees/.p2/pool/plugins/org.eclipse.justj.openjdk.hotspot.jre.full.linux.x86_64_17.0.7.v20230425-1502/jre/lib/libmanagement_ext.so
7fc404560000-7fc404563000 r-xp 00002000 103:02 4986090                   /home/mnafees/.p2/pool/plugins/org.eclipse.justj.openjdk.hotspot.jre.full.linux.x86_64_17.0.7.v20230425-1502/jre/lib/libmanagement_ext.so
7fc404563000-7fc404564000 r--p 00005000 103:02 4986090                   /home/mnafees/.p2/pool/plugins/org.eclipse.justj.openjdk.hotspot.jre.full.linux.x86_64_17.0.7.v20230425-1502/jre/lib/libmanagement_ext.so
7fc404564000-7fc404565000 ---p 00006000 103:02 4986090                   /home/mnafees/.p2/pool/plugins/org.eclipse.justj.openjdk.hotspot.jre.full.linux.x86_64_17.0.7.v20230425-1502/jre/lib/libmanagement_ext.so
7fc404565000-7fc404566000 r--p 00006000 103:02 4986090                   /home/mnafees/.p2/pool/plugins/org.eclipse.justj.openjdk.hotspot.jre.full.linux.x86_64_17.0.7.v20230425-1502/jre/lib/libmanagement_ext.so
7fc404566000-7fc404567000 rw-p 00007000 103:02 4986090                   /home/mnafees/.p2/pool/plugins/org.eclipse.justj.openjdk.hotspot.jre.full.linux.x86_64_17.0.7.v20230425-1502/jre/lib/libmanagement_ext.so
7fc404567000-7fc40456b000 r--p 00000000 103:02 4986061                   /home/mnafees/.p2/pool/plugins/org.eclipse.justj.openjdk.hotspot.jre.full.linux.x86_64_17.0.7.v20230425-1502/jre/lib/libnet.so
7fc40456b000-7fc404579000 r-xp 00004000 103:02 4986061                   /home/mnafees/.p2/pool/plugins/org.eclipse.justj.openjdk.hotspot.jre.full.linux.x86_64_17.0.7.v20230425-1502/jre/lib/libnet.so
7fc404579000-7fc40457d000 r--p 00012000 103:02 4986061                   /home/mnafees/.p2/pool/plugins/org.eclipse.justj.openjdk.hotspot.jre.full.linux.x86_64_17.0.7.v20230425-1502/jre/lib/libnet.so
7fc40457d000-7fc40457e000 r--p 00015000 103:02 4986061                   /home/mnafees/.p2/pool/plugins/org.eclipse.justj.openjdk.hotspot.jre.full.linux.x86_64_17.0.7.v20230425-1502/jre/lib/libnet.so
7fc40457e000-7fc40457f000 rw-p 00016000 103:02 4986061                   /home/mnafees/.p2/pool/plugins/org.eclipse.justj.openjdk.hotspot.jre.full.linux.x86_64_17.0.7.v20230425-1502/jre/lib/libnet.so
7fc40457f000-7fc404600000 rw-p 00000000 00:00 0 
7fc404600000-7fc404628000 r--p 00000000 103:02 1475098                   /usr/lib/x86_64-linux-gnu/libc.so.6
7fc404628000-7fc4047bd000 r-xp 00028000 103:02 1475098                   /usr/lib/x86_64-linux-gnu/libc.so.6
7fc4047bd000-7fc404815000 r--p 001bd000 103:02 1475098                   /usr/lib/x86_64-linux-gnu/libc.so.6
7fc404815000-7fc404819000 r--p 00214000 103:02 1475098                   /usr/lib/x86_64-linux-gnu/libc.so.6
7fc404819000-7fc40481b000 rw-p 00218000 103:02 1475098                   /usr/lib/x86_64-linux-gnu/libc.so.6
7fc40481b000-7fc404828000 rw-p 00000000 00:00 0 
7fc40482c000-7fc404833000 r--p 00000000 103:02 4986062                   /home/mnafees/.p2/pool/plugins/org.eclipse.justj.openjdk.hotspot.jre.full.linux.x86_64_17.0.7.v20230425-1502/jre/lib/libnio.so
7fc404833000-7fc40483c000 r-xp 00007000 103:02 4986062                   /home/mnafees/.p2/pool/plugins/org.eclipse.justj.openjdk.hotspot.jre.full.linux.x86_64_17.0.7.v20230425-1502/jre/lib/libnio.so
7fc40483c000-7fc404840000 r--p 00010000 103:02 4986062                   /home/mnafees/.p2/pool/plugins/org.eclipse.justj.openjdk.hotspot.jre.full.linux.x86_64_17.0.7.v20230425-1502/jre/lib/libnio.so
7fc404840000-7fc404841000 ---p 00014000 103:02 4986062                   /home/mnafees/.p2/pool/plugins/org.eclipse.justj.openjdk.hotspot.jre.full.linux.x86_64_17.0.7.v20230425-1502/jre/lib/libnio.so
7fc404841000-7fc404842000 r--p 00014000 103:02 4986062                   /home/mnafees/.p2/pool/plugins/org.eclipse.justj.openjdk.hotspot.jre.full.linux.x86_64_17.0.7.v20230425-1502/jre/lib/libnio.so
7fc404842000-7fc404843000 rw-p 00015000 103:02 4986062                   /home/mnafees/.p2/pool/plugins/org.eclipse.justj.openjdk.hotspot.jre.full.linux.x86_64_17.0.7.v20230425-1502/jre/lib/libnio.so
7fc404843000-7fc404845000 r--p 00000000 103:02 4986064                   /home/mnafees/.p2/pool/plugins/org.eclipse.justj.openjdk.hotspot.jre.full.linux.x86_64_17.0.7.v20230425-1502/jre/lib/libzip.so
7fc404845000-7fc404849000 r-xp 00002000 103:02 4986064                   /home/mnafees/.p2/pool/plugins/org.eclipse.justj.openjdk.hotspot.jre.full.linux.x86_64_17.0.7.v20230425-1502/jre/lib/libzip.so
7fc404849000-7fc40484b000 r--p 00006000 103:02 4986064                   /home/mnafees/.p2/pool/plugins/org.eclipse.justj.openjdk.hotspot.jre.full.linux.x86_64_17.0.7.v20230425-1502/jre/lib/libzip.so
7fc40484b000-7fc40484c000 r--p 00007000 103:02 4986064                   /home/mnafees/.p2/pool/plugins/org.eclipse.justj.openjdk.hotspot.jre.full.linux.x86_64_17.0.7.v20230425-1502/jre/lib/libzip.so
7fc40484c000-7fc40484d000 rw-p 00008000 103:02 4986064                   /home/mnafees/.p2/pool/plugins/org.eclipse.justj.openjdk.hotspot.jre.full.linux.x86_64_17.0.7.v20230425-1502/jre/lib/libzip.so
7fc40484d000-7fc404891000 rw-p 00000000 00:00 0 
7fc404891000-7fc404898000 ---p 00000000 00:00 0 
7fc404898000-7fc4048a5000 r--p 00000000 103:02 4986057                   /home/mnafees/.p2/pool/plugins/org.eclipse.justj.openjdk.hotspot.jre.full.linux.x86_64_17.0.7.v20230425-1502/jre/lib/libjava.so
7fc4048a5000-7fc4048b7000 r-xp 0000d000 103:02 4986057                   /home/mnafees/.p2/pool/plugins/org.eclipse.justj.openjdk.hotspot.jre.full.linux.x86_64_17.0.7.v20230425-1502/jre/lib/libjava.so
7fc4048b7000-7fc4048bd000 r--p 0001f000 103:02 4986057                   /home/mnafees/.p2/pool/plugins/org.eclipse.justj.openjdk.hotspot.jre.full.linux.x86_64_17.0.7.v20230425-1502/jre/lib/libjava.so
7fc4048bd000-7fc4048be000 ---p 00025000 103:02 4986057                   /home/mnafees/.p2/pool/plugins/org.eclipse.justj.openjdk.hotspot.jre.full.linux.x86_64_17.0.7.v20230425-1502/jre/lib/libjava.so
7fc4048be000-7fc4048bf000 r--p 00025000 103:02 4986057                   /home/mnafees/.p2/pool/plugins/org.eclipse.justj.openjdk.hotspot.jre.full.linux.x86_64_17.0.7.v20230425-1502/jre/lib/libjava.so
7fc4048bf000-7fc4048c0000 rw-p 00026000 103:02 4986057                   /home/mnafees/.p2/pool/plugins/org.eclipse.justj.openjdk.hotspot.jre.full.linux.x86_64_17.0.7.v20230425-1502/jre/lib/libjava.so
7fc4048c0000-7fc4048c1000 rw-p 00000000 00:00 0 
7fc4048c1000-7fc4048c5000 r--p 00000000 103:02 4986058                   /home/mnafees/.p2/pool/plugins/org.eclipse.justj.openjdk.hotspot.jre.full.linux.x86_64_17.0.7.v20230425-1502/jre/lib/libjimage.so
7fc4048c5000-7fc4048d8000 r-xp 00004000 103:02 4986058                   /home/mnafees/.p2/pool/plugins/org.eclipse.justj.openjdk.hotspot.jre.full.linux.x86_64_17.0.7.v20230425-1502/jre/lib/libjimage.so
7fc4048d8000-7fc4048de000 r--p 00017000 103:02 4986058                   /home/mnafees/.p2/pool/plugins/org.eclipse.justj.openjdk.hotspot.jre.full.linux.x86_64_17.0.7.v20230425-1502/jre/lib/libjimage.so
7fc4048de000-7fc4048e0000 r--p 0001c000 103:02 4986058                   /home/mnafees/.p2/pool/plugins/org.eclipse.justj.openjdk.hotspot.jre.full.linux.x86_64_17.0.7.v20230425-1502/jre/lib/libjimage.so
7fc4048e0000-7fc4048e1000 rw-p 0001e000 103:02 4986058                   /home/mnafees/.p2/pool/plugins/org.eclipse.justj.openjdk.hotspot.jre.full.linux.x86_64_17.0.7.v20230425-1502/jre/lib/libjimage.so
7fc4048e1000-7fc4048ef000 r--p 00000000 103:02 1475826                   /usr/lib/x86_64-linux-gnu/libm.so.6
7fc4048ef000-7fc40496b000 r-xp 0000e000 103:02 1475826                   /usr/lib/x86_64-linux-gnu/libm.so.6
7fc40496b000-7fc4049c6000 r--p 0008a000 103:02 1475826                   /usr/lib/x86_64-linux-gnu/libm.so.6
7fc4049c6000-7fc4049c7000 r--p 000e4000 103:02 1475826                   /usr/lib/x86_64-linux-gnu/libm.so.6
7fc4049c7000-7fc4049c8000 rw-p 000e5000 103:02 1475826                   /usr/lib/x86_64-linux-gnu/libm.so.6
7fc4049c8000-7fc4049c9000 r--p 00000000 103:02 1476222                   /usr/lib/x86_64-linux-gnu/librt.so.1
7fc4049c9000-7fc4049ca000 r-xp 00001000 103:02 1476222                   /usr/lib/x86_64-linux-gnu/librt.so.1
7fc4049ca000-7fc4049cb000 r--p 00002000 103:02 1476222                   /usr/lib/x86_64-linux-gnu/librt.so.1
7fc4049cb000-7fc4049cc000 r--p 00002000 103:02 1476222                   /usr/lib/x86_64-linux-gnu/librt.so.1
7fc4049cc000-7fc4049cd000 rw-p 00003000 103:02 1476222                   /usr/lib/x86_64-linux-gnu/librt.so.1
7fc4049cd000-7fc4049d2000 rw-p 00000000 00:00 0 
7fc4049d2000-7fc4049d3000 r--p 00000000 103:02 1475268                   /usr/lib/x86_64-linux-gnu/libdl.so.2
7fc4049d3000-7fc4049d4000 r-xp 00001000 103:02 1475268                   /usr/lib/x86_64-linux-gnu/libdl.so.2
7fc4049d4000-7fc4049d5000 r--p 00002000 103:02 1475268                   /usr/lib/x86_64-linux-gnu/libdl.so.2
7fc4049d5000-7fc4049d6000 r--p 00002000 103:02 1475268                   /usr/lib/x86_64-linux-gnu/libdl.so.2
7fc4049d6000-7fc4049d7000 rw-p 00003000 103:02 1475268                   /usr/lib/x86_64-linux-gnu/libdl.so.2
7fc4049d7000-7fc4049d8000 r--p 00000000 103:02 1476157                   /usr/lib/x86_64-linux-gnu/libpthread.so.0
7fc4049d8000-7fc4049d9000 r-xp 00001000 103:02 1476157                   /usr/lib/x86_64-linux-gnu/libpthread.so.0
7fc4049d9000-7fc4049da000 r--p 00002000 103:02 1476157                   /usr/lib/x86_64-linux-gnu/libpthread.so.0
7fc4049da000-7fc4049db000 r--p 00002000 103:02 1476157                   /usr/lib/x86_64-linux-gnu/libpthread.so.0
7fc4049db000-7fc4049dc000 rw-p 00003000 103:02 1476157                   /usr/lib/x86_64-linux-gnu/libpthread.so.0
7fc4049dc000-7fc4049df000 r--p 00000000 103:02 4986059                   /home/mnafees/.p2/pool/plugins/org.eclipse.justj.openjdk.hotspot.jre.full.linux.x86_64_17.0.7.v20230425-1502/jre/lib/libjli.so
7fc4049df000-7fc4049e9000 r-xp 00003000 103:02 4986059                   /home/mnafees/.p2/pool/plugins/org.eclipse.justj.openjdk.hotspot.jre.full.linux.x86_64_17.0.7.v20230425-1502/jre/lib/libjli.so
7fc4049e9000-7fc4049ec000 r--p 0000d000 103:02 4986059                   /home/mnafees/.p2/pool/plugins/org.eclipse.justj.openjdk.hotspot.jre.full.linux.x86_64_17.0.7.v20230425-1502/jre/lib/libjli.so
7fc4049ec000-7fc4049ed000 ---p 00010000 103:02 4986059                   /home/mnafees/.p2/pool/plugins/org.eclipse.justj.openjdk.hotspot.jre.full.linux.x86_64_17.0.7.v20230425-1502/jre/lib/libjli.so
7fc4049ed000-7fc4049ee000 r--p 00010000 103:02 4986059                   /home/mnafees/.p2/pool/plugins/org.eclipse.justj.openjdk.hotspot.jre.full.linux.x86_64_17.0.7.v20230425-1502/jre/lib/libjli.so
7fc4049ee000-7fc4049ef000 rw-p 00011000 103:02 4986059                   /home/mnafees/.p2/pool/plugins/org.eclipse.justj.openjdk.hotspot.jre.full.linux.x86_64_17.0.7.v20230425-1502/jre/lib/libjli.so
7fc4049ef000-7fc4049f1000 r--p 00000000 103:02 1476655                   /usr/lib/x86_64-linux-gnu/libz.so.1.2.11
7fc4049f1000-7fc404a02000 r-xp 00002000 103:02 1476655                   /usr/lib/x86_64-linux-gnu/libz.so.1.2.11
7fc404a02000-7fc404a08000 r--p 00013000 103:02 1476655                   /usr/lib/x86_64-linux-gnu/libz.so.1.2.11
7fc404a08000-7fc404a09000 ---p 00019000 103:02 1476655                   /usr/lib/x86_64-linux-gnu/libz.so.1.2.11
7fc404a09000-7fc404a0a000 r--p 00019000 103:02 1476655                   /usr/lib/x86_64-linux-gnu/libz.so.1.2.11
7fc404a0a000-7fc404a0b000 rw-p 0001a000 103:02 1476655                   /usr/lib/x86_64-linux-gnu/libz.so.1.2.11
7fc404a0c000-7fc404a0f000 r--p 00000000 103:02 4986079                   /home/mnafees/.p2/pool/plugins/org.eclipse.justj.openjdk.hotspot.jre.full.linux.x86_64_17.0.7.v20230425-1502/jre/lib/libmanagement.so
7fc404a0f000-7fc404a10000 r-xp 00003000 103:02 4986079                   /home/mnafees/.p2/pool/plugins/org.eclipse.justj.openjdk.hotspot.jre.full.linux.x86_64_17.0.7.v20230425-1502/jre/lib/libmanagement.so
7fc404a10000-7fc404a11000 r--p 00004000 103:02 4986079                   /home/mnafees/.p2/pool/plugins/org.eclipse.justj.openjdk.hotspot.jre.full.linux.x86_64_17.0.7.v20230425-1502/jre/lib/libmanagement.so
7fc404a11000-7fc404a12000 r--p 00004000 103:02 4986079                   /home/mnafees/.p2/pool/plugins/org.eclipse.justj.openjdk.hotspot.jre.full.linux.x86_64_17.0.7.v20230425-1502/jre/lib/libmanagement.so
7fc404a12000-7fc404a13000 rw-p 00005000 103:02 4986079                   /home/mnafees/.p2/pool/plugins/org.eclipse.justj.openjdk.hotspot.jre.full.linux.x86_64_17.0.7.v20230425-1502/jre/lib/libmanagement.so
7fc404a13000-7fc404a1b000 rw-s 00000000 103:02 25821393                  /tmp/hsperfdata_mnafees/14937
7fc404a1b000-7fc404a1c000 ---p 00000000 00:00 0 
7fc404a1c000-7fc404a1d000 r--p 00000000 00:00 0 
7fc404a1d000-7fc404a1f000 rw-p 00000000 00:00 0 
7fc404a1f000-7fc404a21000 r--p 00000000 103:02 1474627                   /usr/lib/x86_64-linux-gnu/ld-linux-x86-64.so.2
7fc404a21000-7fc404a4b000 r-xp 00002000 103:02 1474627                   /usr/lib/x86_64-linux-gnu/ld-linux-x86-64.so.2
7fc404a4b000-7fc404a56000 r--p 0002c000 103:02 1474627                   /usr/lib/x86_64-linux-gnu/ld-linux-x86-64.so.2
7fc404a56000-7fc404a57000 ---p 00000000 00:00 0 
7fc404a57000-7fc404a59000 r--p 00037000 103:02 1474627                   /usr/lib/x86_64-linux-gnu/ld-linux-x86-64.so.2
7fc404a59000-7fc404a5b000 rw-p 00039000 103:02 1474627                   /usr/lib/x86_64-linux-gnu/ld-linux-x86-64.so.2
7ffc76905000-7ffc76928000 rw-p 00000000 00:00 0                          [stack]
7ffc769a2000-7ffc769a6000 r--p 00000000 00:00 0                          [vvar]
7ffc769a6000-7ffc769a8000 r-xp 00000000 00:00 0                          [vdso]
ffffffffff600000-ffffffffff601000 --xp 00000000 00:00 0                  [vsyscall]


VM Arguments:
jvm_args: -Dfile.encoding=UTF-8 -XX:+ShowCodeDetailsInExceptionMessages 
java_command: com.movies.ticketServices.TicketServicesApplication
java_class_path (initial): /home/mnafees/project/movie ticket app/ticketServices/target/classes:/home/mnafees/.m2/repository/org/springframework/boot/spring-boot-starter-data-jpa/3.0.8/spring-boot-starter-data-jpa-3.0.8.jar:/home/mnafees/.m2/repository/org/springframework/boot/spring-boot-starter-aop/3.0.8/spring-boot-starter-aop-3.0.8.jar:/home/mnafees/.m2/repository/org/aspectj/aspectjweaver/1.9.19/aspectjweaver-1.9.19.jar:/home/mnafees/.m2/repository/org/springframework/boot/spring-boot-starter-jdbc/3.0.8/spring-boot-starter-jdbc-3.0.8.jar:/home/mnafees/.m2/repository/com/zaxxer/HikariCP/5.0.1/HikariCP-5.0.1.jar:/home/mnafees/.m2/repository/org/springframework/spring-jdbc/6.0.10/spring-jdbc-6.0.10.jar:/home/mnafees/.m2/repository/org/hibernate/orm/hibernate-core/6.1.7.Final/hibernate-core-6.1.7.Final.jar:/home/mnafees/.m2/repository/jakarta/persistence/jakarta.persistence-api/3.1.0/jakarta.persistence-api-3.1.0.jar:/home/mnafees/.m2/repository/jakarta/transaction/jakarta.transaction-api/2.0.1/jakarta.transaction-api-2.0.1.jar:/home/mnafees/.m2/repository/org/jboss/logging/jboss-logging/3.5.1.Final/jboss-logging-3.5.1.Final.jar:/home/mnafees/.m2/repository/org/hibernate/common/hibernate-commons-annotations/6.0.6.Final/hibernate-commons-annotations-6.0.6.Final.jar:/home/mnafees/.m2/repository/org/jboss/jandex/2.4.2.Final/jandex-2.4.2.Final.jar:/home/mnafees/.m2/repository/com/fasterxml/classmate/1.5.1/classmate-1.5.1.jar:/home/mnafees/.m2/repository/net/bytebuddy/byte-buddy/1.12.23/byte-buddy-1.12.23.jar:/home/mnafees/.m2/repository/org/glassfish/jaxb/jaxb-runtime/4.0.3/jaxb-runtime-4.0.3.jar:/home/mnafees/.m2/repository/org/glassfish/jaxb/jaxb-core/4.0.3/jaxb-core-4.0.3.jar:/home/mnafees/.m2/repository/org/glassfish/jaxb/txw2/4.0.3/txw2-4.0.3.jar:/home/mnafees/.m2/repository/com/sun/istack/istack-commons-runtime/4.1.2/istack-commons-runtime-4.1.2.jar:/home/mnafees/.m2/repository/jakarta/inject/jakarta.inject-api/2.0.0/jakarta.inject-api-2.0.0.jar:/home/mnafees/.
Launcher Type: SUN_STANDARD

[Global flags]
     intx CICompilerCount                          = 4                                         {product} {ergonomic}
     uint ConcGCThreads                            = 2                                         {product} {ergonomic}
     uint G1ConcRefinementThreads                  = 8                                         {product} {ergonomic}
   size_t G1HeapRegionSize                         = 4194304                                   {product} {ergonomic}
    uintx GCDrainStackTargetSize                   = 64                                        {product} {ergonomic}
   size_t InitialHeapSize                          = 524288000                                 {product} {ergonomic}
   size_t MarkStackSize                            = 4194304                                   {product} {ergonomic}
   size_t MaxHeapSize                              = 8334082048                                {product} {ergonomic}
   size_t MaxNewSize                               = 4999610368                                {product} {ergonomic}
   size_t MinHeapDeltaBytes                        = 4194304                                   {product} {ergonomic}
   size_t MinHeapSize                              = 8388608                                   {product} {ergonomic}
    uintx NonNMethodCodeHeapSize                   = 5839372                                {pd product} {ergonomic}
    uintx NonProfiledCodeHeapSize                  = 122909434                              {pd product} {ergonomic}
    uintx ProfiledCodeHeapSize                     = 122909434                              {pd product} {ergonomic}
    uintx ReservedCodeCacheSize                    = 251658240                              {pd product} {ergonomic}
     bool SegmentedCodeCache                       = true                                      {product} {ergonomic}
     bool ShowCodeDetailsInExceptionMessages       = true                                   {manageable} {command line}
   size_t SoftMaxHeapSize                          = 8334082048                             {manageable} {ergonomic}
     bool UseCompressedClassPointers               = true                           {product lp64_product} {ergonomic}
     bool UseCompressedOops                        = true                           {product lp64_product} {ergonomic}
     bool UseG1GC                                  = true                                      {product} {ergonomic}

Logging:
Log output configuration:
 #0: stdout all=warning uptime,level,tags
 #1: stderr all=off uptime,level,tags

Environment Variables:
PATH=/usr/local/sbin:/usr/local/bin:/usr/sbin:/usr/bin:/sbin:/bin:/usr/games:/usr/local/games:/snap/bin
SHELL=/bin/bash
DISPLAY=:0
LANG=en_IN

Active Locale:
LC_ALL=en_IN
LC_COLLATE=en_IN
LC_CTYPE=en_IN
LC_MESSAGES=en_IN
LC_MONETARY=en_IN
LC_NUMERIC=en_IN
LC_TIME=en_IN

Signal Handlers:
   SIGSEGV: crash_handler in libjvm.so, mask=11100100010111111101111111111110, flags=SA_RESTART|SA_SIGINFO, unblocked
    SIGBUS: crash_handler in libjvm.so, mask=11100100010111111101111111111110, flags=SA_RESTART|SA_SIGINFO, unblocked
    SIGFPE: crash_handler in libjvm.so, mask=11100100010111111101111111111110, flags=SA_RESTART|SA_SIGINFO, unblocked
   SIGPIPE: javaSignalHandler in libjvm.so, mask=11100100010111111101111111111110, flags=SA_RESTART|SA_SIGINFO, blocked
   SIGXFSZ: javaSignalHandler in libjvm.so, mask=11100100010111111101111111111110, flags=SA_RESTART|SA_SIGINFO, blocked
    SIGILL: crash_handler in libjvm.so, mask=11100100010111111101111111111110, flags=SA_RESTART|SA_SIGINFO, unblocked
   SIGUSR2: SR_handler in libjvm.so, mask=00100000000000000000000000000000, flags=SA_RESTART|SA_SIGINFO, blocked
    SIGHUP: UserHandler in libjvm.so, mask=11100100010111111101111111111110, flags=SA_RESTART|SA_SIGINFO, blocked
    SIGINT: UserHandler in libjvm.so, mask=11100100010111111101111111111110, flags=SA_RESTART|SA_SIGINFO, blocked
   SIGTERM: UserHandler in libjvm.so, mask=11100100010111111101111111111110, flags=SA_RESTART|SA_SIGINFO, blocked
   SIGQUIT: UserHandler in libjvm.so, mask=11100100010111111101111111111110, flags=SA_RESTART|SA_SIGINFO, blocked
   SIGTRAP: crash_handler in libjvm.so, mask=11100100010111111101111111111110, flags=SA_RESTART|SA_SIGINFO, unblocked


---------------  S Y S T E M  ---------------

OS:
DISTRIB_ID=Ubuntu
DISTRIB_RELEASE=22.04
DISTRIB_CODENAME=jammy
DISTRIB_DESCRIPTION="Ubuntu 22.04.3 LTS"
uname: Linux 6.2.0-26-generic #26~22.04.1-Ubuntu SMP PREEMPT_DYNAMIC Thu Jul 13 16:27:29 UTC 2 x86_64
OS uptime: 0 days 4:57 hours
libc: glibc 2.35 NPTL 2.35 
rlimit (soft/hard): STACK 8192k/infinity , CORE 0k/infinity , NPROC 126628/126628 , NOFILE 1048576/1048576 , AS infinity/infinity , CPU infinity/infinity , DATA infinity/infinity , FSIZE infinity/infinity , MEMLOCK 4068860k/4068860k
load average: 0.80 0.54 0.45

/proc/meminfo:
MemTotal:       32550880 kB
MemFree:        22041404 kB
MemAvailable:   25127636 kB
Buffers:          186592 kB
Cached:          3951444 kB
SwapCached:            0 kB
Active:          1255760 kB
Inactive:        8037684 kB
Active(anon):       9896 kB
Inactive(anon):  5905600 kB
Active(file):    1245864 kB
Inactive(file):  2132084 kB
Unevictable:      575308 kB
Mlocked:             160 kB
SwapTotal:       2097148 kB
SwapFree:        2097148 kB
Zswap:                 0 kB
Zswapped:              0 kB
Dirty:                32 kB
Writeback:             0 kB
AnonPages:       5731124 kB
Mapped:          1171028 kB
Shmem:            789668 kB
KReclaimable:     152688 kB
Slab:             321152 kB
SReclaimable:     152688 kB
SUnreclaim:       168464 kB
KernelStack:       22528 kB
PageTables:        79520 kB
SecPageTables:         0 kB
NFS_Unstable:          0 kB
Bounce:                0 kB
WritebackTmp:          0 kB
CommitLimit:    18372588 kB
Committed_AS:   16278432 kB
VmallocTotal:   34359738367 kB
VmallocUsed:       59300 kB
VmallocChunk:          0 kB
Percpu:             5984 kB
HardwareCorrupted:     0 kB
AnonHugePages:         0 kB
ShmemHugePages:   489472 kB
ShmemPmdMapped:        0 kB
FileHugePages:         0 kB
FilePmdMapped:         0 kB
HugePages_Total:       0
HugePages_Free:        0
HugePages_Rsvd:        0
HugePages_Surp:        0
Hugepagesize:       2048 kB
Hugetlb:               0 kB
DirectMap4k:      244220 kB
DirectMap2M:     4689920 kB
DirectMap1G:    28311552 kB

/sys/kernel/mm/transparent_hugepage/enabled: always [madvise] never
/sys/kernel/mm/transparent_hugepage/defrag (defrag/compaction efforts parameter): always defer defer+madvise [madvise] never

Process Memory:
Virtual Size: 13273728K (peak: 13275248K)
Resident Set Size: 460280K (peak: 460280K) (anon: 427384K, file: 32896K, shmem: 0K)
Swapped out: 0K
C-Heap outstanding allocations: 60467K, retained: 80504K
glibc malloc tunables: (default)

/proc/sys/kernel/threads-max (system-wide limit on the number of threads): 253257
/proc/sys/vm/max_map_count (maximum number of memory map areas a process may have): 65530
/proc/sys/kernel/pid_max (system-wide limit on number of process identifiers): 4194304

container (cgroup) information:
container_type: cgroupv2
cpu_cpuset_cpus: not supported
cpu_memory_nodes: not supported
active_processor_count: 8
cpu_quota: not supported
cpu_period: not supported
cpu_shares: not supported
memory_limit_in_bytes: unlimited
memory_and_swap_limit_in_bytes: unlimited
memory_soft_limit_in_bytes: unlimited
memory_usage_in_bytes: 4157176 k
memory_max_usage_in_bytes: not supported
memory_swap_current_in_bytes: unlimited
memory_swap_max_limit_in_bytes: unlimited
maximum number of tasks: unlimited
current number of tasks: 503

Steal ticks since vm start: 0
Steal ticks percentage since vm start:  0.000

CPU: total 8 (initial active 8) (4 cores per cpu, 2 threads per core) family 6 model 140 stepping 1 microcode 0xa6, cx8, cmov, fxsr, ht, mmx, 3dnowpref, sse, sse2, sse3, ssse3, sse4.1, sse4.2, popcnt, lzcnt, tsc, tscinvbit, avx, avx2, aes, erms, clmul, bmi1, bmi2, adx, avx512f, avx512dq, avx512cd, avx512bw, avx512vl, sha, fma, vzeroupper, avx512_vpopcntdq, avx512_vpclmulqdq, avx512_vaes, avx512_vnni, clflush, clflushopt, clwb, avx512_vbmi2, avx512_vbmi
CPU Model and flags from /proc/cpuinfo:
model name	: 11th Gen Intel(R) Core(TM) i7-1165G7 @ 2.80GHz
flags		: fpu vme de pse tsc msr pae mce cx8 apic sep mtrr pge mca cmov pat pse36 clflush dts acpi mmx fxsr sse sse2 ss ht tm pbe syscall nx pdpe1gb rdtscp lm constant_tsc art arch_perfmon pebs bts rep_good nopl xtopology nonstop_tsc cpuid aperfmperf tsc_known_freq pni pclmulqdq dtes64 monitor ds_cpl vmx est tm2 ssse3 sdbg fma cx16 xtpr pdcm pcid sse4_1 sse4_2 x2apic movbe popcnt tsc_deadline_timer aes xsave avx f16c rdrand lahf_lm abm 3dnowprefetch cpuid_fault epb cat_l2 invpcid_single cdp_l2 ssbd ibrs ibpb stibp ibrs_enhanced tpr_shadow vnmi flexpriority ept vpid ept_ad fsgsbase tsc_adjust bmi1 avx2 smep bmi2 erms invpcid rdt_a avx512f avx512dq rdseed adx smap avx512ifma clflushopt clwb intel_pt avx512cd sha_ni avx512bw avx512vl xsaveopt xsavec xgetbv1 xsaves split_lock_detect dtherm ida arat pln pts hwp hwp_notify hwp_act_window hwp_epp hwp_pkg_req avx512vbmi umip pku ospke avx512_vbmi2 gfni vaes vpclmulqdq avx512_vnni avx512_bitalg avx512_vpopcntdq rdpid movdiri movdir64b fsrm avx512_vp2intersect md_clear ibt flush_l1d arch_capabilities

Online cpus: 0-7
Offline cpus: 
BIOS frequency limitation: <Not Available>
Frequency switch latency (ns): 0
Available cpu frequencies: <Not Available>
Current governor: powersave
Core performance/turbo boost: <Not Available>

Memory: 4k page, physical 32550880k(22041404k free), swap 2097148k(2097148k free)
Page Sizes: 4k

vm_info: OpenJDK 64-Bit Server VM (17.0.7+7) for linux-amd64 JRE (17.0.7+7), built on Apr 18 2023 00:00:00 by "temurin" with gcc 10.3.0

END.
